This is pdfTeX, Version 3.14159265-2.6-1.40.16 (TeX Live 2015/Debian) (preloaded format=pdflatex 2018.4.11)  17 MAY 2021 10:23
entering extended mode
 restricted \write18 enabled.
 %&-line parsing enabled.
**main.tex
(./main.tex
LaTeX2e <2016/02/01>
Babel <3.9q> and hyphenation patterns for 3 language(s) loaded.
(/usr/share/texlive/texmf-dist/tex/latex/memoir/memoir.cls
Document Class: memoir 2015/07/08 v3.7e configurable book, report, article docu
ment class
\onelineskip=\skip41
\lxvchars=\skip42
\xlvchars=\skip43
\@memcnta=\count79
\c@@memmarkcntra=\count80
(/usr/share/texlive/texmf-dist/tex/generic/oberdiek/ifpdf.sty
Package: ifpdf 2011/01/30 v2.3 Provides the ifpdf switch (HO)
Package ifpdf Info: pdfTeX in PDF mode is detected.
)
Class memoir Info: An `ifetex' package is being emulated on input line 265.

(/usr/share/texlive/texmf-dist/tex/generic/ifxetex/ifxetex.sty
Package: ifxetex 2010/09/12 v0.6 Provides ifxetex conditional
)
(/usr/share/texlive/texmf-dist/tex/generic/oberdiek/ifluatex.sty
Package: ifluatex 2010/03/01 v1.3 Provides the ifluatex switch (HO)
Package ifluatex Info: LuaTeX not detected.
)
\stockheight=\skip44
\stockwidth=\skip45
\trimtop=\skip46
\trimedge=\skip47

(/usr/share/texlive/texmf-dist/tex/latex/memoir/mem12.clo
File: mem12.clo 2010/10/19 v0.4b memoir class 12pt size option
)
\binding=\skip48
\spinemargin=\skip49
\foremargin=\skip50
\uppermargin=\skip51
\lowermargin=\skip52
\headdrop=\skip53
\normalrulethickness=\skip54
\mem@maxheadheight=\skip55
\mem@maxfootheight=\skip56
\headwidth=\skip57
\c@storedpagenumber=\count81
\memPD=\dimen102
\m@mabparskip=\skip58
\thanksmarkwidth=\skip59
\thanksmarksep=\skip60
\droptitle=\skip61
\c@book=\count82
\c@part=\count83
\c@chapter=\count84
\c@section=\count85
\c@subsection=\count86
\c@subsubsection=\count87
\c@paragraph=\count88
\c@subparagraph=\count89
\beforechapskip=\skip62
\midchapskip=\skip63
\afterchapskip=\skip64
\chapindent=\skip65
\bottomsectionskip=\skip66
\secindent=\skip67
\beforesecskip=\skip68
\aftersecskip=\skip69
\subsecindent=\skip70
\beforesubsecskip=\skip71
\aftersubsecskip=\skip72
\subsubsecindent=\skip73
\beforesubsubsecskip=\skip74
\aftersubsubsecskip=\skip75
\paraindent=\skip76
\beforeparaskip=\skip77
\afterparaskip=\skip78
\subparaindent=\skip79
\beforesubparaskip=\skip80
\aftersubparaskip=\skip81
\pfbreakskip=\skip82
\c@@ppsavesec=\count90
\c@@ppsaveapp=\count91
\ragrparindent=\dimen103
\everylistparindent=\dimen104
\parsepi=\skip83
\topsepi=\skip84
\itemsepi=\skip85
\parsepii=\skip86
\topsepii=\skip87
\topsepiii=\skip88
\itemsepii=\skip89
\itemsepiii=\skip90
\partopsepii=\skip91
\partopsepiii=\skip92
\m@msavetopsep=\skip93
\m@msavepartopsep=\skip94
\@enLab=\toks14
\abstitleskip=\skip95
\absleftindent=\skip96
\abs@leftindent=\dimen105
\absrightindent=\skip97
\absparindent=\skip98
\absparsep=\skip99
\c@vslineno=\count92
\c@poemline=\count93
\c@modulo@vs=\count94
\c@memfvsline=\count95
\vleftskip=\skip100
\vrightskip=\skip101
\stanzaskip=\skip102
\versewidth=\skip103
\vgap=\skip104
\vindent=\skip105
\vleftmargin=\dimen106
\c@verse=\count96
\c@chrsinstr=\count97
\beforepoemtitleskip=\skip106
\afterpoemtitleskip=\skip107
\c@poem=\count98
\beforePoemTitleskip=\skip108
\midPoemTitleskip=\skip109
\afterPoemTitleskip=\skip110
\col@sep=\dimen107
\extrarowheight=\dimen108
\NC@list=\toks15
\extratabsurround=\skip111
\backup@length=\skip112
\TX@col@width=\dimen109
\TX@old@table=\dimen110
\TX@old@col=\dimen111
\TX@target=\dimen112
\TX@delta=\dimen113
\TX@cols=\count99
\TX@ftn=\toks16
\heavyrulewidth=\dimen114
\lightrulewidth=\dimen115
\cmidrulewidth=\dimen116
\belowrulesep=\dimen117
\belowbottomsep=\dimen118
\aboverulesep=\dimen119
\abovetopsep=\dimen120
\cmidrulesep=\dimen121
\cmidrulekern=\dimen122
\defaultaddspace=\dimen123
\@cmidla=\count100
\@cmidlb=\count101
\@aboverulesep=\dimen124
\@belowrulesep=\dimen125
\@thisruleclass=\count102
\@lastruleclass=\count103
\@thisrulewidth=\dimen126
\ctableftskip=\skip113
\ctabrightskip=\skip114
\abovecolumnspenalty=\count104
\@linestogo=\count105
\@cellstogo=\count106
\@cellsincolumn=\count107
\crtok=\toks17
\@mincolumnwidth=\dimen127
\c@newflo@tctr=\count108
\mem@margin@floatbox=\box26
\@contcwidth=\skip115
\@contindw=\skip116
\abovecaptionskip=\skip117
\belowcaptionskip=\skip118
\subfloattopskip=\skip119
\subfloatcapskip=\skip120
\subfloatcaptopadj=\skip121
\subfloatbottomskip=\skip122
\subfloatlabelskip=\skip123
\subfloatcapmargin=\dimen128
\c@@contsubnum=\count109
\m@mscap@capbox=\box27
\m@mscap@fbox=\box28
\sidecapsep=\dimen129
\sidecapwidth=\dimen130
\m@m@tempdima=\dimen131
\m@mscapraise=\dimen132
\sidecapraise=\dimen133
\m@mscapmainwidth=\dimen134
\m@mscaplkern=\dimen135
\beforeepigraphskip=\skip124
\afterepigraphskip=\skip125
\epigraphwidth=\skip126
\epigraphrule=\skip127
LaTeX Info: Redefining \em on input line 7535.
LaTeX Info: Redefining \emph on input line 7543.
\tocentryskip=\skip128
\tocbaseline=\skip129
\cftparskip=\skip130
\cftbeforebookskip=\skip131
\cftbookindent=\dimen136
\cftbooknumwidth=\dimen137
\cftbeforepartskip=\skip132
\cftpartindent=\skip133
\cftpartnumwidth=\skip134
\cftbeforechapterskip=\skip135
\cftchapterindent=\skip136
\cftchapternumwidth=\skip137
\cftbeforesectionskip=\skip138
\cftsectionindent=\skip139
\cftsectionnumwidth=\skip140
\cftbeforesubsectionskip=\skip141
\cftsubsectionindent=\skip142
\cftsubsectionnumwidth=\skip143
\cftbeforesubsubsectionskip=\skip144
\cftsubsubsectionindent=\skip145
\cftsubsubsectionnumwidth=\skip146
\cftbeforeparagraphskip=\skip147
\cftparagraphindent=\skip148
\cftparagraphnumwidth=\skip149
\cftbeforesubparagraphskip=\skip150
\cftsubparagraphindent=\skip151
\cftsubparagraphnumwidth=\skip152
\prechapterprecisshift=\dimen138
\c@maxsecnumdepth=\count110
\bibindent=\dimen139
\bibitemsep=\skip153
\indexcolsep=\skip154
\indexrule=\skip155
\indexmarkstyle=\toks18
\@indexbox=\insert199
\glossarycolsep=\dimen140
\glossaryrule=\dimen141
\sideparvshift=\skip156
\sideins=\insert198
\sidebartopsep=\skip157
\sidebarhsep=\skip158
\sidebarvsep=\skip159
\sidebarwidth=\skip160
\footmarkwidth=\skip161
\footmarksep=\skip162
\footparindent=\skip163
\footinsdim=\skip164
\footinsv@r=\insert197
\@mpfootinsv@r=\insert196
\m@m@k=\count111
\m@m@h=\dimen142
\m@mipn@skip=\skip165
\sidefootins=\insert195
\sidefootadjust=\skip166
\sidefootheight=\skip167
\sidefoothsep=\skip168
\sidefootvsep=\skip169
\sidefootwidth=\skip170
\m@mdownsf=\skip171
\c@sidefootnote=\count112
\sidefootmarkwidth=\skip172
\sidefootmarksep=\skip173
\sidefootparindent=\skip174
\c@pagenote=\count113
\c@pagenoteshadow=\count114
\mem@pn@lastkern=\skip175
\every@verbatim=\toks19
\afterevery@verbatim=\toks20
\verbatim@line=\toks21
\tab@position=\count115
\verbatim@in@stream=\read1
\verbatimindent=\skip176
\verbatim@out=\write3
\bvboxsep=\skip177
\c@memfbvline=\count116
\c@bvlinectr=\count117
\bvnumlength=\skip178
\fb@frw=\dimen143
\fb@frh=\dimen144
\FrameRule=\dimen145
\FrameSep=\dimen146
\c@cp@cntr=\count118
LaTeX Info: Redefining \: on input line 12052.
LaTeX Info: Redefining \! on input line 12054.
\c@ism@mctr=\count119
\c@xsm@mctr=\count120
\c@csm@mctr=\count121
\c@ksm@mctr=\count122
\c@xksm@mctr=\count123
\c@cksm@mctr=\count124
\c@msm@mctr=\count125
\c@xmsm@mctr=\count126
\c@cmsm@mctr=\count127
\c@bsm@mctr=\count128
\c@workm@mctr=\count129
\c@sheetsequence=\count130
\c@lastsheet=\count131
\c@lastpage=\count132
\c@figure=\count133
\c@lofdepth=\count134
\cftbeforefigureskip=\skip179
\cftfigureindent=\skip180
\cftfigurenumwidth=\skip181
\c@table=\count135
\c@lotdepth=\count136
\cftbeforetableskip=\skip182
\cfttableindent=\skip183
\cfttablenumwidth=\skip184
Package abstract [2008/07/23] emulated by memoir.
Package appendix [2008/07/23] emulated by memoir.
Package array [2008/09/09] emulated by memoir.
Package booktabs [2008/07/23] emulated by memoir.
Package ccaption [2008/07/23] emulated by memoir.
Package changepage [2008/07/23] emulated by memoir.
Package chngcntr [2008/07/23] emulated by memoir.
Package chngpage [2008/07/23] emulated by memoir.
Package crop emulated by memoir.
Package dcolumn [2008/07/23] emulated by memoir.
Package delarray [2008/07/23] emulated by memoir.
Package enumerate [2008/07/23] emulated by memoir.
Package epigraph [2008/07/23] emulated by memoir.
Package ifmtarg [2008/07/23] emulated by memoir.
Package ifetex [2008/07/23] emulated by memoir.
Package index [2008/07/23] emulated by memoir.
Package makeidx [2008/07/23] emulated by memoir.
Package moreverb [2008/07/23] emulated by memoir.
Package mparhack [2008/07/23] emulated by memoir.
Package needspace [2008/07/23] emulated by memoir.
Package newfile [2008/07/23] emulated by memoir.
Package nextpage [2008/07/23] emulated by memoir.
Package pagenote [2008/07/23] emulated by memoir.
Package parskip [2008/07/23] emulated by memoir.
Package patchcmd [2008/07/23] emulated by memoir.
Package setspace [2008/07/23] emulated by memoir.
Package shortvrb [2008/07/23] emulated by memoir.
Package showidx [2008/07/23] emulated by memoir.
Package tabularx [2008/07/23] emulated by memoir.
Package titleref [2008/07/23] emulated by memoir.
Package titling [2008/07/23] emulated by memoir.
Package tocbibind [2008/07/23] emulated by memoir.
Package tocloft [2008/07/23] emulated by memoir.
Package tocvsec2 [2008/07/23] emulated by memoir.
Package verbatim [2008/07/23] emulated by memoir.
Package verse [2008/07/23] emulated by memoir.

(/usr/share/texlive/texmf-dist/tex/latex/memoir/mempatch.sty
Package: mempatch 2009/07/24 v6.0f Patches for memoir class v1.6180339
))
(/usr/share/texlive/texmf-dist/tex/latex/base/inputenc.sty
Package: inputenc 2015/03/17 v1.2c Input encoding file
\inpenc@prehook=\toks22
\inpenc@posthook=\toks23


! LaTeX Error: File `utf8x.def' not found.

Type X to quit or <RETURN> to proceed,
or enter new name. (Default extension: def)

Enter file name: 

Package inputenc Warning: No characters defined
(inputenc)                by input encoding change to `utf8x'
(inputenc)                 on input line 173.

) (/usr/share/texlive/texmf-dist/tex/generic/babel/babel.sty
Package: babel 2016/02/24 3.9q The Babel package

(/usr/share/texlive/texmf-dist/tex/generic/babel-english/english.ldf
Language: english 2012/08/20 v3.3p English support from the babel system

(/usr/share/texlive/texmf-dist/tex/generic/babel/babel.def
File: babel.def 2016/02/24 3.9q Babel common definitions
\babel@savecnt=\count137
\U@D=\dimen147
)
\l@british = a dialect from \language\l@english 
\l@UKenglish = a dialect from \language\l@english 
\l@canadian = a dialect from \language\l@american 
\l@australian = a dialect from \language\l@british 
\l@newzealand = a dialect from \language\l@british 
))
(/usr/share/texlive/texmf-dist/tex/latex/url/url.sty
\Urlmuskip=\muskip10
Package: url 2013/09/16  ver 3.4  Verb mode for urls, etc.
)
(/usr/share/texlive/texmf-dist/tex/latex/graphics/graphicx.sty
Package: graphicx 2014/10/28 v1.0g Enhanced LaTeX Graphics (DPC,SPQR)

(/usr/share/texlive/texmf-dist/tex/latex/graphics/keyval.sty
Package: keyval 2014/10/28 v1.15 key=value parser (DPC)
\KV@toks@=\toks24
)
(/usr/share/texlive/texmf-dist/tex/latex/graphics/graphics.sty
Package: graphics 2016/01/03 v1.0q Standard LaTeX Graphics (DPC,SPQR)

(/usr/share/texlive/texmf-dist/tex/latex/graphics/trig.sty
Package: trig 2016/01/03 v1.10 sin cos tan (DPC)
)
(/usr/share/texlive/texmf-dist/tex/latex/latexconfig/graphics.cfg
File: graphics.cfg 2010/04/23 v1.9 graphics configuration of TeX Live
)
Package graphics Info: Driver file: pdftex.def on input line 95.

(/usr/share/texlive/texmf-dist/tex/latex/pdftex-def/pdftex.def
File: pdftex.def 2011/05/27 v0.06d Graphics/color for pdfTeX

(/usr/share/texlive/texmf-dist/tex/generic/oberdiek/infwarerr.sty
Package: infwarerr 2010/04/08 v1.3 Providing info/warning/error messages (HO)
)
(/usr/share/texlive/texmf-dist/tex/generic/oberdiek/ltxcmds.sty
Package: ltxcmds 2011/11/09 v1.22 LaTeX kernel commands for general use (HO)
)
\Gread@gobject=\count138
))
\Gin@req@height=\dimen148
\Gin@req@width=\dimen149
)

! LaTeX Error: File `imakeidx.sty' not found.

Type X to quit or <RETURN> to proceed,
or enter new name. (Default extension: sty)

Enter file name: 
(/usr/share/texlive/texmf-dist/tex/latex/hyperref/hyperref.sty
Package: hyperref 2012/11/06 v6.83m Hypertext links for LaTeX

(/usr/share/texlive/texmf-dist/tex/generic/oberdiek/hobsub-hyperref.sty
Package: hobsub-hyperref 2012/05/28 v1.13 Bundle oberdiek, subset hyperref (HO)


(/usr/share/texlive/texmf-dist/tex/generic/oberdiek/hobsub-generic.sty
Package: hobsub-generic 2012/05/28 v1.13 Bundle oberdiek, subset generic (HO)
Package: hobsub 2012/05/28 v1.13 Construct package bundles (HO)
Package hobsub Info: Skipping package `infwarerr' (already loaded).
Package hobsub Info: Skipping package `ltxcmds' (already loaded).
Package hobsub Info: Skipping package `ifluatex' (already loaded).
Package: ifvtex 2010/03/01 v1.5 Detect VTeX and its facilities (HO)
Package ifvtex Info: VTeX not detected.
Package: intcalc 2007/09/27 v1.1 Expandable calculations with integers (HO)
Package hobsub Info: Skipping package `ifpdf' (already loaded).
Package: etexcmds 2011/02/16 v1.5 Avoid name clashes with e-TeX commands (HO)
Package etexcmds Info: Could not find \expanded.
(etexcmds)             That can mean that you are not using pdfTeX 1.50 or
(etexcmds)             that some package has redefined \expanded.
(etexcmds)             In the latter case, load this package earlier.
Package: kvsetkeys 2012/04/25 v1.16 Key value parser (HO)
Package: kvdefinekeys 2011/04/07 v1.3 Define keys (HO)
Package: pdftexcmds 2011/11/29 v0.20 Utility functions of pdfTeX for LuaTeX (HO
)
Package pdftexcmds Info: LuaTeX not detected.
Package pdftexcmds Info: \pdf@primitive is available.
Package pdftexcmds Info: \pdf@ifprimitive is available.
Package pdftexcmds Info: \pdfdraftmode found.
Package: pdfescape 2011/11/25 v1.13 Implements pdfTeX's escape features (HO)
Package: bigintcalc 2012/04/08 v1.3 Expandable calculations on big integers (HO
)
Package: bitset 2011/01/30 v1.1 Handle bit-vector datatype (HO)
Package: uniquecounter 2011/01/30 v1.2 Provide unlimited unique counter (HO)
)
Package hobsub Info: Skipping package `hobsub' (already loaded).
Package: letltxmacro 2010/09/02 v1.4 Let assignment for LaTeX macros (HO)
Package: hopatch 2012/05/28 v1.2 Wrapper for package hooks (HO)
Package: xcolor-patch 2011/01/30 xcolor patch
Package: atveryend 2011/06/30 v1.8 Hooks at the very end of document (HO)
Package atveryend Info: \enddocument detected (standard20110627).
Package: atbegshi 2011/10/05 v1.16 At begin shipout hook (HO)
Package: refcount 2011/10/16 v3.4 Data extraction from label references (HO)
Package: hycolor 2011/01/30 v1.7 Color options for hyperref/bookmark (HO)
)
(/usr/share/texlive/texmf-dist/tex/latex/oberdiek/auxhook.sty
Package: auxhook 2011/03/04 v1.3 Hooks for auxiliary files (HO)
)
(/usr/share/texlive/texmf-dist/tex/latex/oberdiek/kvoptions.sty
Package: kvoptions 2011/06/30 v3.11 Key value format for package options (HO)
)
\@linkdim=\dimen150
\Hy@linkcounter=\count139
\Hy@pagecounter=\count140

(/usr/share/texlive/texmf-dist/tex/latex/hyperref/pd1enc.def
File: pd1enc.def 2012/11/06 v6.83m Hyperref: PDFDocEncoding definition (HO)
)
\Hy@SavedSpaceFactor=\count141

(/usr/share/texlive/texmf-dist/tex/latex/latexconfig/hyperref.cfg
File: hyperref.cfg 2002/06/06 v1.2 hyperref configuration of TeXLive
)
Package hyperref Info: Hyper figures OFF on input line 4443.
Package hyperref Info: Link nesting OFF on input line 4448.
Package hyperref Info: Hyper index ON on input line 4451.
Package hyperref Info: Plain pages OFF on input line 4458.
Package hyperref Info: Backreferencing OFF on input line 4463.
Package hyperref Info: Implicit mode ON; LaTeX internals redefined.
Package hyperref Info: Bookmarks ON on input line 4688.
\c@Hy@tempcnt=\count142
LaTeX Info: Redefining \url on input line 5041.
\XeTeXLinkMargin=\dimen151
\Fld@menulength=\count143
\Field@Width=\dimen152
\Fld@charsize=\dimen153
Package hyperref Info: Hyper figures OFF on input line 6295.
Package hyperref Info: Link nesting OFF on input line 6300.
Package hyperref Info: Hyper index ON on input line 6303.
Package hyperref Info: backreferencing OFF on input line 6310.
Package hyperref Info: Link coloring OFF on input line 6315.
Package hyperref Info: Link coloring with OCG OFF on input line 6320.
Package hyperref Info: PDF/A mode OFF on input line 6325.
LaTeX Info: Redefining \ref on input line 6365.
LaTeX Info: Redefining \pageref on input line 6369.
\Hy@abspage=\count144
\c@Item=\count145
\c@Hfootnote=\count146
)
(/usr/share/texlive/texmf-dist/tex/latex/memoir/memhfixc.sty
Package: memhfixc 2013/05/30 v1.17 nameref/hyperref package fixes for memoir cl
ass
\c@memhycontfloat=\count147
\c@Hpagenote=\count148
)

Package hyperref Message: Driver (autodetected): hpdftex.

(/usr/share/texlive/texmf-dist/tex/latex/hyperref/hpdftex.def
File: hpdftex.def 2012/11/06 v6.83m Hyperref driver for pdfTeX
\Fld@listcount=\count149
\c@bookmark@seq@number=\count150

(/usr/share/texlive/texmf-dist/tex/latex/oberdiek/rerunfilecheck.sty
Package: rerunfilecheck 2011/04/15 v1.7 Rerun checks for auxiliary files (HO)
Package uniquecounter Info: New unique counter `rerunfilecheck' on input line 2
82.
)
\Hy@SectionHShift=\skip185
)
\main@idxfile=\write4
\openout4 = `main.idx'.


Writing index file main.idx 
(./main.aux)
\openout1 = `main.aux'.

LaTeX Font Info:    Checking defaults for OML/cmm/m/it on input line 17.
LaTeX Font Info:    ... okay on input line 17.
LaTeX Font Info:    Checking defaults for T1/cmr/m/n on input line 17.
LaTeX Font Info:    ... okay on input line 17.
LaTeX Font Info:    Checking defaults for OT1/cmr/m/n on input line 17.
LaTeX Font Info:    ... okay on input line 17.
LaTeX Font Info:    Checking defaults for OMS/cmsy/m/n on input line 17.
LaTeX Font Info:    ... okay on input line 17.
LaTeX Font Info:    Checking defaults for OMX/cmex/m/n on input line 17.
LaTeX Font Info:    ... okay on input line 17.
LaTeX Font Info:    Checking defaults for U/cmr/m/n on input line 17.
LaTeX Font Info:    ... okay on input line 17.
LaTeX Font Info:    Checking defaults for PD1/pdf/m/n on input line 17.
LaTeX Font Info:    ... okay on input line 17.
 (/usr/share/texlive/texmf-dist/tex/context/base/supp-pdf.mkii
[Loading MPS to PDF converter (version 2006.09.02).]
\scratchcounter=\count151
\scratchdimen=\dimen154
\scratchbox=\box29
\nofMPsegments=\count152
\nofMParguments=\count153
\everyMPshowfont=\toks25
\MPscratchCnt=\count154
\MPscratchDim=\dimen155
\MPnumerator=\count155
\makeMPintoPDFobject=\count156
\everyMPtoPDFconversion=\toks26
) (/usr/share/texlive/texmf-dist/tex/latex/oberdiek/epstopdf-base.sty
Package: epstopdf-base 2010/02/09 v2.5 Base part for package epstopdf

(/usr/share/texlive/texmf-dist/tex/latex/oberdiek/grfext.sty
Package: grfext 2010/08/19 v1.1 Manage graphics extensions (HO)
)
Package grfext Info: Graphics extension search list:
(grfext)             [.png,.pdf,.jpg,.mps,.jpeg,.jbig2,.jb2,.PNG,.PDF,.JPG,.JPE
G,.JBIG2,.JB2,.eps]
(grfext)             \AppendGraphicsExtensions on input line 452.

(/usr/share/texlive/texmf-dist/tex/latex/latexconfig/epstopdf-sys.cfg
File: epstopdf-sys.cfg 2010/07/13 v1.3 Configuration of (r)epstopdf for TeX Liv
e
))
\AtBeginShipoutBox=\box30
Package hyperref Info: Link coloring OFF on input line 17.

(/usr/share/texlive/texmf-dist/tex/latex/hyperref/nameref.sty
Package: nameref 2012/10/27 v2.43 Cross-referencing by name of section

(/usr/share/texlive/texmf-dist/tex/generic/oberdiek/gettitlestring.sty
Package: gettitlestring 2010/12/03 v1.4 Cleanup title references (HO)
)
\c@section@level=\count157
)
Redoing nameref's sectioning
Redoing nameref's label
LaTeX Info: Redefining \nameref on input line 17.
LaTeX Info: Redefining \ref on input line 17.
LaTeX Info: Redefining \pageref on input line 17.
LaTeX Info: Redefining \nameref on input line 17.
(./main.out) (./main.out)
\@outlinefile=\write5
\openout5 = `main.out'.

 <cover.png, id=124, 351.3125pt x 501.875pt>
File: cover.png Graphic file (type png)

<use cover.png>
Package pdftex.def Info: cover.png used on input line 21.
(pdftex.def)             Requested size: 351.31163pt x 501.87376pt.

Overfull \hbox (62.31163pt too wide) in paragraph at lines 21--22
 [][] 
 []


LaTeX Warning: Float too large for page by 98.37376pt on input line 22.

[1{/var/lib/texmf/fonts/map/pdftex/updmap/pdftex.map} <./cover.png>] [2




]
LaTeX Font Info:    External font `cmex10' loaded for size
(Font)              <14.4> on input line 33.
LaTeX Font Info:    External font `cmex10' loaded for size
(Font)              <7> on input line 33.

(./main.toc
LaTeX Font Info:    External font `cmex10' loaded for size
(Font)              <12> on input line 2.
LaTeX Font Info:    External font `cmex10' loaded for size
(Font)              <8> on input line 2.
LaTeX Font Info:    External font `cmex10' loaded for size
(Font)              <6> on input line 2.
 [3]
Overfull \hbox (2.03766pt too wide) detected at line 45
 \OT1/cmr/bx/n/12 104
 []


Overfull \hbox (2.03766pt too wide) detected at line 53
 \OT1/cmr/bx/n/12 109
 []


Overfull \hbox (2.03766pt too wide) detected at line 55
 \OT1/cmr/bx/n/12 129
 []


Overfull \hbox (2.03766pt too wide) detected at line 61
 \OT1/cmr/bx/n/12 151
 []


Overfull \hbox (2.03766pt too wide) detected at line 63
 \OT1/cmr/bx/n/12 159
 []


Overfull \hbox (2.03766pt too wide) detected at line 70
 \OT1/cmr/bx/n/12 177
 []

[4]
Overfull \hbox (2.03766pt too wide) detected at line 75
 \OT1/cmr/bx/n/12 195
 []


Overfull \hbox (2.03766pt too wide) detected at line 78
 \OT1/cmr/bx/n/12 201
 []


Overfull \hbox (2.03766pt too wide) detected at line 91
 \OT1/cmr/bx/n/12 239
 []

) (./main.lof [5] [6]) [7] [8

] (./civilizations.tex [1

] [2] [3] [4] [5]
[6] [7] [8]
Overfull \hbox (8.92468pt too wide) in paragraph at lines 39--40
\OT1/cmr/m/n/12 the trash of the old world this sit-u-a-tion com-pletely change
s.
 []

[9]
Overfull \hbox (6.18304pt too wide) in paragraph at lines 41--42
\OT1/cmr/m/n/12 for ad-vanced tech-nol-ogy has been pretty evenly dis-tributed
 []

[10] [11] [12]) [13] (./organicmedia.tex
Underfull \vbox (badness 6396) has occurred while \output is active []

 [14

]
[15] [16] [17] [18] [19] [20] [21] [22] [23] [24] [25] [26]
Overfull \hbox (5.53027pt too wide) in paragraph at lines 59--60
\OT1/cmr/m/n/12 tem that doc-u-ments in-tended for free shar-ing are of greater

 []

[27] [28] [29] [30]) [31] [32] (./streetnetwork.tex
Underfull \vbox (badness 1360) has occurred while \output is active []

 [33

]
[34] [35] [36] [37] [38]
Overfull \hbox (1.3804pt too wide) in paragraph at lines 31--32
[]\OT1/cmr/bx/n/12 Traveling kids, ho-bos, pan-han-dlers, peo-ple ask-
 []

[39] [40] [41] [42] [43] [44] [45] [46] [47] [48]) [49] (./code.tex
Overfull \hbox (1.20256pt too wide) in paragraph at lines 5--6
\OT1/cmr/m/n/12 Geometron De-vel-op-ers are a crit-i-cal mem-ber of the swarm
 []

[50

] [51]
Overfull \hbox (2.28818pt too wide) in paragraph at lines 15--16
\OT1/cmr/m/n/12 they ex-ist in cur-rent in-for-ma-tion tech-nol-ogy sys-tems. T
he
 []

[52]
Overfull \hbox (16.23155pt too wide) in paragraph at lines 21--22
[]\OT1/cmr/m/n/12 Without users, there are also no pass-words, no databases,
 []

[53] [54] [55] [56] [57]
Overfull \hbox (54.81448pt too wide) in paragraph at lines 39--40
\OT1/cmr/m/n/12 point your browser to [the main url of the server]/php/replicat
or.txt.
 []


Overfull \hbox (17.1496pt too wide) in paragraph at lines 39--40
\OT1/cmr/m/n/12 you just point a browser to [ad-dress of server]/replicator.php
,
 []

[58] [59]
Overfull \hbox (223.52525pt too wide) in paragraph at lines 54--54
[]  \OT1/cmtt/m/n/12 $dnaurl = "https://raw.githubusercontent.com/LafeLabs/thin
g/master/data/dna.txt";[] 
 []

[60] [61]
Overfull \hbox (87.64886pt too wide) in paragraph at lines 69--70
\OT1/cmr/m/n/12 en-ti-tled tri-an-gles.html, you would put ``ed-i-tor.php?newfi
le=triangle.html'',
 []

[62]
Overfull \hbox (40.6952pt too wide) in paragraph at lines 72--78
[]\OT1/cmr/m/n/12 To cre-ate an-other in-stance of the full Trash Robot/Geometr
on
 []


Overfull \hbox (8.11453pt too wide) in paragraph at lines 72--78
\OT1/cmtt/m/n/12 replicator . txt$[] \OT1/cmr/m/n/12 or glob-ally on the orig-i
-nal lafe-labs Github
 []


Overfull \hbox (4.67535pt too wide) in paragraph at lines 72--78
\OT1/cmr/m/n/12 ``thing'' repos-i-tory at []$\OT1/cmtt/m/n/12 https : / / raw .
 githubusercontent .
 []

[63] [64]
Overfull \hbox (51.92287pt too wide) in paragraph at lines 157--167
\OT1/cmr/m/n/12 This is how all code de-vel-op-ment works in Trash Robot/Geomet
ron.
 []


Overfull \hbox (2.50735pt too wide) in paragraph at lines 157--167
\OT1/cmr/m/n/12 on Cloud-flare CDN at []$\OT1/cmtt/m/n/12 https : / / cdnjs . c
loudflare . com /
 []

[65] [66] [67]
Overfull \hbox (50.62517pt too wide) in paragraph at lines 208--208
[]      \OT1/cmtt/m/n/12 if (this.readyState == 4 && this.status == 200) {[] 
 []


Overfull \hbox (50.62517pt too wide) in paragraph at lines 210--210
[]          \OT1/cmtt/m/n/12 document.getElementById("wall").value = wall;[] 
 []

[68]
Overfull \hbox (130.9002pt too wide) in paragraph at lines 214--214
[]  \OT1/cmtt/m/n/12 httpc2.open("GET", "fileloader.php?filename=data/wall.txt"
, true);[] 
 []


Overfull \hbox (56.80017pt too wide) in paragraph at lines 217--217
[]  \OT1/cmtt/m/n/12 document.getElementById("wall").onkeyup = function() {[] 
 []


Overfull \hbox (328.5003pt too wide) in paragraph at lines 222--222
[]          \OT1/cmtt/m/n/12 httpc.setRequestHeader("Content-Type", "applicatio
n/x-www-form-urlencoded;charset=utf-8");[] 
 []


Overfull \hbox (384.07533pt too wide) in paragraph at lines 223--223
[]          \OT1/cmtt/m/n/12 httpc.send("data="+encodeURIComponent(wall)+"&file
name=data/wall.txt");//send text to filesaver.php[] 
 []

! Misplaced alignment tab character &.
l.230 ...https://www.trashrobot.org/data/wall.txt&
                                                  to=data/wall.txt.  this is...

? 

Overfull \hbox (28.65366pt too wide) in paragraph at lines 230--231
\OT1/cmr/m/n/12 ometron, go to any Ge-ometron server and look at php/copy.txt.
 []


Overfull \hbox (290.32465pt too wide) in paragraph at lines 230--231
\OT1/cmr/m/n/12 the Pi to http://[the pi's IP ad-dress]/copy.php?from=https://w
ww.trashrobot.org/data/wall.txtto=data/wall.txt.
 []

[69] [70] [71] [72] [73]
Overfull \hbox (1.22514pt too wide) in paragraph at lines 247--247
[]  \OT1/cmtt/m/n/12 editor.getSession().setMode("ace/mode/html");[] 
 []

! Missing $ inserted.
<inserted text> 
                $
l.254 ...into Ace.js lore, just replace ``vibrant_
                                                  ink'' with whatever theme ...

? 
! Missing $ inserted.
<inserted text> 
                $
l.255 
      
? 

Overfull \hbox (377.49326pt too wide) in paragraph at lines 254--255
\OT1/cmr/m/n/12 just re-place ``vibrant$[]\OML/cmm/m/it/12 nk[]withwhateverthem
eyouwantfromthelistontheAcepage:Therearelotsoflightthemesaswellasdarkthemes:$ 
 []

[74] [75] [76] [77] [78]) [79] (./scrolls.tex [80

]
LaTeX Font Info:    Try loading font information for OMS+cmr on input line 49.

(/usr/share/texlive/texmf-dist/tex/latex/base/omscmr.fd
File: omscmr.fd 2014/09/29 v2.5h Standard LaTeX font definitions
)
LaTeX Font Info:    Font shape `OMS/cmr/m/n' in size <12> not available
(Font)              Font shape `OMS/cmsy/m/n' tried instead on input line 49.
 [81]
Overfull \hbox (30.85779pt too wide) in paragraph at lines 83--88
\OT1/cmr/m/n/12 ever server you are on, make a link to ``copy-data.php?from=[th
e
 []

[82]
Underfull \vbox (badness 10000) has occurred while \output is active []

 [83]
[84]
Overfull \hbox (8.9858pt too wide) in paragraph at lines 142--144
\OT1/cmr/m/n/12 Showdown.js, scrolls/*, file-saver.php, fileloader.php, Math-
 []

[85] [86]) [87] (./maps.tex [88

] [89]
Overfull \hbox (10.4321pt too wide) in paragraph at lines 67--72
\OT1/cmr/m/n/12 Maps are deleted with []$\OT1/cmtt/m/n/12 mapdelete . html$[]\O
T1/cmr/m/n/12 . Just click ``delete''
 []


Underfull \vbox (badness 10000) has occurred while \output is active []

 [90]
[91]
Overfull \hbox (17.46767pt too wide) in paragraph at lines 105--106
[]\OT1/cmr/m/n/12 more gen-er-al-ized re-place-ment for Pow-er-Point or Keynote
,
 []

[92]) [93] (./feeds.tex
Underfull \vbox (badness 1895) has occurred while \output is active []

 [94

]
Underfull \vbox (badness 10000) has occurred while \output is active []

 [95]
Underfull \vbox (badness 3646) has occurred while \output is active []

 [96]
[97]) [98] (./symbols.tex [99

] [100]
Overfull \hbox (8.4983pt too wide) in paragraph at lines 68--70
[]\OT1/cmr/m/n/12 0200-0217: Fixed shapes, glyphs com-posed of se-quences
 []

[101] [102]
Overfull \hbox (8.09137pt too wide) in paragraph at lines 109--116
[]\OT1/cmr/m/n/12 The soft-ware pre-sented here al-lows us to use Ge-ometron
 []

[103]
Overfull \hbox (4.41226pt too wide) in paragraph at lines 147--148
[][]\OT1/cmr/m/n/12 Learn to op-er-ate Ge-ometron with the Hello Ge-ometron
 []

[104] [105] [106] [107] [108] [109] [110] [111] [112] [113]
Underfull \hbox (badness 10000) in paragraph at lines 401--411

 []

[114]
Underfull \hbox (badness 10000) in paragraph at lines 419--426

 []

[115] [116]) [117] [118] (./web2d.tex
<figures/web2d/cursoredit.png, id=927, 401.5pt x 301.125pt>
File: figures/web2d/cursoredit.png Graphic file (type png)

<use figures/web2d/cursoredit.png>
Package pdftex.def Info: figures/web2d/cursoredit.png used on input line 6.
(pdftex.def)             Requested size: 216.81pt x 162.60966pt.

<figures/web2d/keyboard.png, id=928, 835.99828pt x 242.02922pt>
File: figures/web2d/keyboard.png Graphic file (type png)

<use figures/web2d/keyboard.png>
Package pdftex.def Info: figures/web2d/keyboard.png used on input line 13.
(pdftex.def)             Requested size: 289.07999pt x 83.6922pt.

<figures/web2d/move.png, id=929, 401.5pt x 170.6375pt>
File: figures/web2d/move.png Graphic file (type png)

<use figures/web2d/move.png>
Package pdftex.def Info: figures/web2d/move.png used on input line 20.
(pdftex.def)             Requested size: 289.07999pt x 122.8667pt.

<figures/web2d/angles.png, id=930, 401.5pt x 170.6375pt>
File: figures/web2d/angles.png Graphic file (type png)

<use figures/web2d/angles.png>
Package pdftex.def Info: figures/web2d/angles.png used on input line 27.
(pdftex.def)             Requested size: 289.07999pt x 122.8667pt.

<figures/web2d/scaleactions.png, id=931, 401.5pt x 170.6375pt>
File: figures/web2d/scaleactions.png Graphic file (type png)

<use figures/web2d/scaleactions.png>
Package pdftex.def Info: figures/web2d/scaleactions.png used on input line 34.
(pdftex.def)             Requested size: 289.07999pt x 122.8667pt.

<figures/web2d/basicdraw.png, id=932, 401.5pt x 170.6375pt>
File: figures/web2d/basicdraw.png Graphic file (type png)

<use figures/web2d/basicdraw.png>
Package pdftex.def Info: figures/web2d/basicdraw.png used on input line 41.
(pdftex.def)             Requested size: 289.07999pt x 122.8667pt.

<figures/web2d/colors.png, id=933, 401.5pt x 170.6375pt>
File: figures/web2d/colors.png Graphic file (type png)

<use figures/web2d/colors.png>
Package pdftex.def Info: figures/web2d/colors.png used on input line 48.
(pdftex.def)             Requested size: 289.07999pt x 122.8667pt.

<figures/web2d/pathactions.png, id=934, 401.5pt x 170.6375pt>
File: figures/web2d/pathactions.png Graphic file (type png)

<use figures/web2d/pathactions.png>
Package pdftex.def Info: figures/web2d/pathactions.png used on input line 56.
(pdftex.def)             Requested size: 289.07999pt x 122.8667pt.

<figures/web2d/bezieractions.png, id=935, 401.5pt x 170.6375pt>
File: figures/web2d/bezieractions.png Graphic file (type png)

<use figures/web2d/bezieractions.png>
Package pdftex.def Info: figures/web2d/bezieractions.png used on input line 63.

(pdftex.def)             Requested size: 289.07999pt x 122.8667pt.

<figures/web2d/bezierbracket.png, id=936, 401.5pt x 401.5pt>
File: figures/web2d/bezierbracket.png Graphic file (type png)

<use figures/web2d/bezierbracket.png>
Package pdftex.def Info: figures/web2d/bezierbracket.png used on input line 71.

(pdftex.def)             Requested size: 289.07999pt x 289.09814pt.

<figures/web2d/panzoom.png, id=937, 401.5pt x 170.6375pt>
File: figures/web2d/panzoom.png Graphic file (type png)

<use figures/web2d/panzoom.png>
Package pdftex.def Info: figures/web2d/panzoom.png used on input line 79.
(pdftex.def)             Requested size: 289.07999pt x 122.8667pt.

<figures/web2d/flagactions.png, id=938, 401.5pt x 170.6375pt>
File: figures/web2d/flagactions.png Graphic file (type png)

<use figures/web2d/flagactions.png>
Package pdftex.def Info: figures/web2d/flagactions.png used on input line 86.
(pdftex.def)             Requested size: 289.07999pt x 122.8667pt.

<figures/web2d/vesicapiscis.png, id=939, 401.5pt x 401.5pt>
File: figures/web2d/vesicapiscis.png Graphic file (type png)

<use figures/web2d/vesicapiscis.png>
Package pdftex.def Info: figures/web2d/vesicapiscis.png used on input line 94.
(pdftex.def)             Requested size: 289.07999pt x 289.09814pt.

<figures/web2d/cursorscale1.png, id=940, 401.5pt x 401.5pt>
File: figures/web2d/cursorscale1.png Graphic file (type png)

<use figures/web2d/cursorscale1.png>
Package pdftex.def Info: figures/web2d/cursorscale1.png used on input line 100.

(pdftex.def)             Requested size: 289.07999pt x 289.09814pt.

<figures/web2d/cursorangle1.png, id=941, 401.5pt x 401.5pt>
File: figures/web2d/cursorangle1.png Graphic file (type png)

<use figures/web2d/cursorangle1.png>
Package pdftex.def Info: figures/web2d/cursorangle1.png used on input line 106.

(pdftex.def)             Requested size: 289.07999pt x 289.09814pt.

<figures/web2d/cursorsquare.png, id=942, 401.5pt x 401.5pt>
File: figures/web2d/cursorsquare.png Graphic file (type png)

<use figures/web2d/cursorsquare.png>
Package pdftex.def Info: figures/web2d/cursorsquare.png used on input line 112.

(pdftex.def)             Requested size: 289.07999pt x 289.09814pt.

<figures/web2d/cursorroot2.png, id=943, 401.5pt x 401.5pt>
File: figures/web2d/cursorroot2.png Graphic file (type png)

<use figures/web2d/cursorroot2.png>
Package pdftex.def Info: figures/web2d/cursorroot2.png used on input line 118.
(pdftex.def)             Requested size: 289.07999pt x 289.09814pt.

<figures/web2d/cursorgolden.png, id=944, 401.5pt x 401.5pt>
File: figures/web2d/cursorgolden.png Graphic file (type png)

<use figures/web2d/cursorgolden.png>
Package pdftex.def Info: figures/web2d/cursorgolden.png used on input line 124.

(pdftex.def)             Requested size: 289.07999pt x 289.09814pt.

<figures/web2d/cursorroot3.png, id=945, 401.5pt x 401.5pt>
File: figures/web2d/cursorroot3.png Graphic file (type png)

<use figures/web2d/cursorroot3.png>
Package pdftex.def Info: figures/web2d/cursorroot3.png used on input line 130.
(pdftex.def)             Requested size: 289.07999pt x 289.09814pt.

<figures/web2d/cursor3.png, id=946, 401.5pt x 401.5pt>
File: figures/web2d/cursor3.png Graphic file (type png)

<use figures/web2d/cursor3.png>
Package pdftex.def Info: figures/web2d/cursor3.png used on input line 136.
(pdftex.def)             Requested size: 289.07999pt x 289.09814pt.

<figures/web2d/cursor5.png, id=947, 401.5pt x 401.5pt>
File: figures/web2d/cursor5.png Graphic file (type png)

<use figures/web2d/cursor5.png>
Package pdftex.def Info: figures/web2d/cursor5.png used on input line 142.
(pdftex.def)             Requested size: 289.07999pt x 289.09814pt.

<figures/web2d/styleeditor.png, id=948, 514.17094pt x 558.58687pt>
File: figures/web2d/styleeditor.png Graphic file (type png)

<use figures/web2d/styleeditor.png>
Package pdftex.def Info: figures/web2d/styleeditor.png used on input line 154.
(pdftex.def)             Requested size: 289.07999pt x 314.05945pt.


LaTeX Warning: Float too large for page by 72.39276pt on input line 157.

[119

] [120 <./figures/web2d/cursoredit.png> <./figures/web2d/keyboard.png>]
Underfull \vbox (badness 10000) has occurred while \output is active []

 [121 <./figures/web2d/move.png>]
! You can't use `macro parameter character #' in horizontal mode.
l.161 ...00FF, and red with half transparency is #
                                                  FF000080(80 because 8 is h...

? 
[122 <./figures/web2d/angles.png>] [123 <./figures/web2d/scaleactions.png>]
[124 <./figures/web2d/basicdraw.png>] [125 <./figures/web2d/colors.png> <./figu
res/web2d/pathactions.png>]
Overfull \hbox (18.47273pt too wide) in paragraph at lines 171--172
\OT1/cmr/m/n/12 file data/hypercube.txt and also data/currentjson.txt. When
 []

[126 <./figures/web2d/bezieractions.png>] [127 <./figures/web2d/bezierbracket.p
ng>] [128 <./figures/web2d/panzoom.png> <./figures/web2d/flagactions.png>]
[129 <./figures/web2d/vesicapiscis.png>] [130 <./figures/web2d/cursorscale1.png
>] [131 <./figures/web2d/cursorangle1.png>] [132 <./figures/web2d/cursorsquare.
png>] [133 <./figures/web2d/cursorroot2.png>] [134 <./figures/web2d/cursorgolde
n.png>] [135 <./figures/web2d/cursorroot3.png>] [136 <./figures/web2d/cursor3.p
ng>] [137 <./figures/web2d/cursor5.png>] [138 <./figures/web2d/styleeditor.png>
]
Overfull \hbox (40.98686pt too wide) in paragraph at lines 199--201
[]\OT1/cmr/m/n/12 symmetries and scales, dif-fer-ent meth-ods of ge-ometron(AG)
 
 []


Overfull \hbox (3.37613pt too wide) in paragraph at lines 201--203
[]\OT1/cmr/m/n/12 cursor,movements, ba-sic con-struc-tions(segment, cir-
 []


Overfull \hbox (6.77054pt too wide) in paragraph at lines 217--219
[]\OT1/cmr/m/n/12 editing the hy-per-cube and shape ta-ble, shar-ing them,
 []

[139]
Overfull \hbox (2.52753pt too wide) in paragraph at lines 221--223
[]\OT1/cmr/m/n/12 control pan-els, soft-key in-ter-faces, writ-ing ge-ometron
 []

) [140] (./shapes.tex
<figures/shapes/rlc.png, id=1068, 451.6875pt x 451.6875pt>
File: figures/shapes/rlc.png Graphic file (type png)

<use figures/shapes/rlc.png>
Package pdftex.def Info: figures/shapes/rlc.png used on input line 5.
(pdftex.def)             Requested size: 289.07999pt x 289.09279pt.

<figures/shapes/rcline.png, id=1069, 451.6875pt x 451.6875pt>
File: figures/shapes/rcline.png Graphic file (type png)

<use figures/shapes/rcline.png>
Package pdftex.def Info: figures/shapes/rcline.png used on input line 12.
(pdftex.def)             Requested size: 289.07999pt x 289.09279pt.

<figures/shapes/treeoflife.png, id=1070, 451.6875pt x 752.8125pt>
File: figures/shapes/treeoflife.png Graphic file (type png)

<use figures/shapes/treeoflife.png>
Package pdftex.def Info: figures/shapes/treeoflife.png used on input line 20.
(pdftex.def)             Requested size: 289.07999pt x 481.82132pt.


LaTeX Warning: Float too large for page by 109.65463pt on input line 23.

<figures/shapes/treeoflifespelling.png, id=1071, 602.25pt x 401.5pt>
File: figures/shapes/treeoflifespelling.png Graphic file (type png)

<use figures/shapes/treeoflifespelling.png>
Package pdftex.def Info: figures/shapes/treeoflifespelling.png used on input li
ne 27.
(pdftex.def)             Requested size: 289.07999pt x 192.72392pt.

<figures/shapes/estrogendiagram.png, id=1072, 421.1986pt x 262.35516pt>
File: figures/shapes/estrogendiagram.png Graphic file (type png)

<use figures/shapes/estrogendiagram.png>
Package pdftex.def Info: figures/shapes/estrogendiagram.png used on input line 
34.
(pdftex.def)             Requested size: 289.07999pt x 180.06447pt.

<figures/shapes/estrogenspelling.png, id=1073, 311.28796pt x 214.92796pt>
File: figures/shapes/estrogenspelling.png Graphic file (type png)

<use figures/shapes/estrogenspelling.png>
Package pdftex.def Info: figures/shapes/estrogenspelling.png used on input line
 41.
(pdftex.def)             Requested size: 289.07999pt x 199.59561pt.

Underfull \vbox (badness 3838) has occurred while \output is active []

 [141

]
[142 <./figures/shapes/rlc.png>] [143 <./figures/shapes/rcline.png>] [144 <./fi
gures/shapes/treeoflife.png>] [145 <./figures/shapes/treeoflifespelling.png>]
Underfull \vbox (badness 10000) has occurred while \output is active []

 [146 <./figures/shapes/estrogendiagram.png>] [147 <./figures/shapes/estrogensp
elling.png>]) [148] (./machines.tex [149

] [150] [151] [152] [153]
Overfull \hbox (0.5125pt too wide) in paragraph at lines 31--32
\OT1/cmr/bx/n/12 no spe-cial-ized tech-ni-cal knowl-edge. \OT1/cmr/m/n/12 This 
is the heart
 []

[154] [155]
<figures/machines/controller.png, id=1145, 757.70578pt x 572.5139pt>
File: figures/machines/controller.png Graphic file (type png)

<use figures/machines/controller.png>
Package pdftex.def Info: figures/machines/controller.png used on input line 39.

(pdftex.def)             Requested size: 289.07999pt x 218.4224pt.


LaTeX Warning: Float too large for page by 63.7557pt on input line 42.

[156] [157 <./figures/machines/controller.png>] [158]
<figures/machines/xyzprobe.png, id=1160, 602.25pt x 602.25pt>
File: figures/machines/xyzprobe.png Graphic file (type png)

<use figures/machines/xyzprobe.png>
Package pdftex.def Info: figures/machines/xyzprobe.png used on input line 55.
(pdftex.def)             Requested size: 289.07999pt x 289.08589pt.

<figures/machines/basicmovements.png, id=1161, 401.5pt x 401.5pt>
File: figures/machines/basicmovements.png Graphic file (type png)

<use figures/machines/basicmovements.png>
Package pdftex.def Info: figures/machines/basicmovements.png used on input line
 63.
(pdftex.def)             Requested size: 289.07999pt x 289.09814pt.

<figures/machines/actions05xx.png, id=1162, 602.25pt x 451.6875pt>
File: figures/machines/actions05xx.png Graphic file (type png)

<use figures/machines/actions05xx.png>
Package pdftex.def Info: figures/machines/actions05xx.png used on input line 72
.
(pdftex.def)             Requested size: 289.07999pt x 216.81442pt.

<figures/machines/printerblockdiagram.png, id=1163, 602.25pt x 602.25pt>
File: figures/machines/printerblockdiagram.png Graphic file (type png)

<use figures/machines/printerblockdiagram.png>
Package pdftex.def Info: figures/machines/printerblockdiagram.png used on input
 line 83.
(pdftex.def)             Requested size: 289.07999pt x 289.08589pt.


LaTeX Warning: Float too large for page by 47.4192pt on input line 86.

<figures/machines/buildingwallrobot.png, id=1164, 602.25pt x 602.25pt>
File: figures/machines/buildingwallrobot.png Graphic file (type png)

<use figures/machines/buildingwallrobot.png>
Package pdftex.def Info: figures/machines/buildingwallrobot.png used on input l
ine 94.
(pdftex.def)             Requested size: 289.07999pt x 289.08589pt.

<figures/machines/eblblockdiagram.png, id=1165, 602.25pt x 602.25pt>
File: figures/machines/eblblockdiagram.png Graphic file (type png)

<use figures/machines/eblblockdiagram.png>
Package pdftex.def Info: figures/machines/eblblockdiagram.png used on input lin
e 104.
(pdftex.def)             Requested size: 289.07999pt x 289.08589pt.


LaTeX Warning: Float too large for page by 16.08589pt on input line 107.

[159] [160 <./figures/machines/xyzprobe.png>] [161 <./figures/machines/basicmov
ements.png>]
Underfull \vbox (badness 10000) has occurred while \output is active []

 [162 <./figures/machines/actions05xx.png>] [163 <./figures/machines/printerblo
ckdiagram.png>] [164 <./figures/machines/buildingwallrobot.png>] [165 <./figure
s/machines/eblblockdiagram.png>])
Overfull \hbox (11.1441pt too wide) in paragraph at lines 113--65
\OT1/cmr/m/n/12 space and er-ror cor-rec-tion, this should eas-ily be 1 megabyt
e,
 []

[166] (./geometron3d.tex
<figures/geometron3d/actions.png, id=1208, 401.5pt x 501.875pt>
File: figures/geometron3d/actions.png Graphic file (type png)

<use figures/geometron3d/actions.png>
Package pdftex.def Info: figures/geometron3d/actions.png used on input line 9.
(pdftex.def)             Requested size: 289.07999pt x 361.3727pt.


LaTeX Warning: Float too large for page by 18.20601pt on input line 12.


Underfull \vbox (badness 2027) has occurred while \output is active []

 [167

]
[168 <./figures/geometron3d/actions.png>]
<figures/geometron3d/shapebuilding1.png, id=1220, 401.5pt x 351.3125pt>
File: figures/geometron3d/shapebuilding1.png Graphic file (type png)

<use figures/geometron3d/shapebuilding1.png>
Package pdftex.def Info: figures/geometron3d/shapebuilding1.png used on input l
ine 24.
(pdftex.def)             Requested size: 289.07999pt x 252.96088pt.

<figures/geometron3d/shapebuilding2.png, id=1221, 401.5pt x 351.3125pt>
File: figures/geometron3d/shapebuilding2.png Graphic file (type png)

<use figures/geometron3d/shapebuilding2.png>
Package pdftex.def Info: figures/geometron3d/shapebuilding2.png used on input l
ine 31.
(pdftex.def)             Requested size: 289.07999pt x 252.96088pt.
 [169] [170 <./figures/geometron3d/shapebuilding1.png>] [171 <./figures/geometr
on3d/shapebuilding2.png>]
Overfull \hbox (3.31085pt too wide) in paragraph at lines 39--40
[]\OT1/cmr/m/n/12 The most ba-sic way to ren-der three di-men-sional graph-
 []

[172]
Overfull \hbox (14.56491pt too wide) in paragraph at lines 43--44
[]\OT1/cmr/m/n/12 All of this work is car-ried out us-ing the x3dom JavaScript
 []


Overfull \hbox (1.24374pt too wide) in paragraph at lines 43--44
\OT1/cmr/m/n/12 li-brary x3dom.js. This is doc-u-mented at www.x3dom.org.
 []


Overfull \hbox (2.48448pt too wide) in paragraph at lines 43--44
\OT1/cmr/m/n/12 This li-brary al-lows for cre-ation of x3d ob-jects in an HTML
 []


Overfull \hbox (4.63448pt too wide) in paragraph at lines 43--44
\OT1/cmr/m/n/12 file us-ing DOM(Document Ob-ject Model) JavaScript com-
 []

[173] [174]
Overfull \hbox (2.8692pt too wide) in paragraph at lines 47--48
[]\OT1/cmr/m/n/12 The app shapes3d.html al-lows users to edit Ge-ometron
 []


Overfull \hbox (7.09692pt too wide) in paragraph at lines 47--48
\OT1/cmr/m/n/12 global value of the hy-per-cube stored at data/hypercube.txt
 []

[175]
<figures/geometron3d/whimsycastleturret.png, id=1253, 401.5pt x 250.9375pt>
File: figures/geometron3d/whimsycastleturret.png Graphic file (type png)

<use figures/geometron3d/whimsycastleturret.png>
Package pdftex.def Info: figures/geometron3d/whimsycastleturret.png used on inp
ut line 53.
(pdftex.def)             Requested size: 289.07999pt x 180.68634pt.

<figures/geometron3d/whimsycastlespelling.png, id=1254, 401.5pt x 351.3125pt>
File: figures/geometron3d/whimsycastlespelling.png Graphic file (type png)

<use figures/geometron3d/whimsycastlespelling.png>
Package pdftex.def Info: figures/geometron3d/whimsycastlespelling.png used on i
nput line 60.
(pdftex.def)             Requested size: 289.07999pt x 252.96088pt.

<figures/geometron3d/whimsycastle.png, id=1255, 424.96266pt x 240.9pt>
File: figures/geometron3d/whimsycastle.png Graphic file (type png)

<use figures/geometron3d/whimsycastle.png>
Package pdftex.def Info: figures/geometron3d/whimsycastle.png used on input lin
e 68.
(pdftex.def)             Requested size: 289.07999pt x 163.87965pt.
 [176 <./figures/geometron3d/whimsycastleturret.png>] [177 <./figures/geometron
3d/whimsycastlespelling.png>]
[178 <./figures/geometron3d/whimsycastle.png>] [179]
<figures/geometron3d/robot0500.png, id=1277, 401.5pt x 351.3125pt>
File: figures/geometron3d/robot0500.png Graphic file (type png)

<use figures/geometron3d/robot0500.png>
Package pdftex.def Info: figures/geometron3d/robot0500.png used on input line 8
4.
(pdftex.def)             Requested size: 289.07999pt x 252.96088pt.

<figures/geometron3d/trashrobot3d.png, id=1278, 633.11531pt x 393.72093pt>
File: figures/geometron3d/trashrobot3d.png Graphic file (type png)

<use figures/geometron3d/trashrobot3d.png>
Package pdftex.def Info: figures/geometron3d/trashrobot3d.png used on input lin
e 91.
(pdftex.def)             Requested size: 289.07999pt x 179.77411pt.
 [180] [181 <./figures/geometron3d/robot0500.png>] [182 <./figures/geometron3d/
trashrobot3d.png>]
<figures/geometron3d/angles.png, id=1295, 401.5pt x 401.5pt>
File: figures/geometron3d/angles.png Graphic file (type png)

<use figures/geometron3d/angles.png>
Package pdftex.def Info: figures/geometron3d/angles.png used on input line 104.

(pdftex.def)             Requested size: 289.07999pt x 289.09814pt.
) [183] [184 <./figures/geometron3d/angles.png>] (./fullstack.tex
Overfull \hbox (7.94553pt too wide) in paragraph at lines 13--15
[]\OT1/cmr/m/n/12 roctal, stor-age hard-ware, scal-ing, read/write/operate 
 []

[185

]
Overfull \hbox (3.27197pt too wide) in paragraph at lines 26--27
[]\OT1/cmr/m/n/12 As this mix-and-match up-cy-cled Linux sys-tem evolves,
 []

[186] [187] [188] [189])
Overfull \hbox (1.80948pt too wide) in paragraph at lines 40--69
[]\OT1/cmr/m/n/12 The for-mat for long term stor-age is in ar-rays of squares
 []

[190] (./ontology.tex [191

] [192] [193] [194] [195] [196] [197] [198] [199]
[200] [201] [202] [203]
Overfull \hbox (2.46225pt too wide) in paragraph at lines 312--334
\OT1/cmr/m/n/12 at through the lens of these self-replicating sys-tems, where
 []

[204] [205] [206] [207] [208] [209] [210]
Overfull \hbox (1.87476pt too wide) in paragraph at lines 479--490
[]\OT1/cmr/m/n/12 The power of a fully self-replicating and evolv-ing Open
 []


Overfull \hbox (7.26631pt too wide) in paragraph at lines 503--515
\OT1/cmr/m/n/12 mathematicians. ``Ob-ject'' here can mean \OT1/cmr/m/it/12 any-
thing\OT1/cmr/m/n/12 . Math-
 []


Overfull \hbox (12.97186pt too wide) in paragraph at lines 503--515
\OT1/cmr/m/n/12 prin-ci-ple it can be any-thing that any-one might talk about(a
s
 []

[211] [212]
Overfull \hbox (11.44226pt too wide) in paragraph at lines 552--571
\OT1/cmr/m/n/12 de-fines truth and false-hood with-out con-tra-dic-tion. Goedel
's
 []

[213] [214] [215] [216]
Overfull \hbox (6.57054pt too wide) in paragraph at lines 635--651
[]\OT1/cmr/m/n/12 We fur-ther state from the out-set that all self-replicating
 []

[217]
Overfull \hbox (100.02519pt too wide) in paragraph at lines 668--668
[]    \OT1/cmtt/m/n/12 The desire of the author to describe self-replicating se
ts,[] 
 []

[218] [219]
Overfull \hbox (19.75015pt too wide) in paragraph at lines 714--714
[]    \OT1/cmtt/m/n/12 in-person pitches and classes and discussions,[] 
 []


Overfull \hbox (137.07521pt too wide) in paragraph at lines 715--715
[]    \OT1/cmtt/m/n/12 media: email, post cards, posters, signs, commercial soc
ial media[] 
 []

[220] [221]
Overfull \hbox (11.40521pt too wide) in paragraph at lines 788--805
\OT1/cmr/m/n/12 briefly here in or-der for this doc-u-ment to truly self-replic
ate.
 []


Underfull \vbox (badness 10000) has occurred while \output is active []

 [222]
Overfull \hbox (340.85031pt too wide) in paragraph at lines 809--809
[]\OT1/cmtt/m/n/12 sudo curl -o replicator.php https://raw.githubusercontent.co
m/LafeLabs/thing/master/php/replicator.txt[] 
 []

[223] [224] [225] [226]) [227] [228] (./trashrobot.tex [229

] [230]
Overfull \hbox (3.20206pt too wide) in paragraph at lines 23--24
[]\OT1/cmr/m/n/12 Token repli-ca-tor. Carry bags of to-kens, stamps, prints,
 []

[231] [232]
<figures/trashrobot/artboxelements.jpg, id=1546, 1943.26pt x 1943.26pt>
File: figures/trashrobot/artboxelements.jpg Graphic file (type jpg)

<use figures/trashrobot/artboxelements.jpg>
Package pdftex.def Info: figures/trashrobot/artboxelements.jpg used on input li
ne 49.
(pdftex.def)             Requested size: 289.07999pt x 289.07463pt.

<figures/trashrobot/artboxtriangle.jpg, id=1547, 1943.26pt x 1943.26pt>
File: figures/trashrobot/artboxtriangle.jpg Graphic file (type jpg)

<use figures/trashrobot/artboxtriangle.jpg>
Package pdftex.def Info: figures/trashrobot/artboxtriangle.jpg used on input li
ne 60.
(pdftex.def)             Requested size: 289.07999pt x 289.07463pt.
 [233] [234 <./figures/trashrobot/artboxelements.jpg>]
<figures/trashrobot/artboxtriangleset.jpg, id=1557, 1943.26pt x 1943.26pt>
File: figures/trashrobot/artboxtriangleset.jpg Graphic file (type jpg)

<use figures/trashrobot/artboxtriangleset.jpg>
Package pdftex.def Info: figures/trashrobot/artboxtriangleset.jpg used on input
 line 67.
(pdftex.def)             Requested size: 289.07999pt x 289.07463pt.

<figures/trashrobot/artboxnet.jpg, id=1558, 1943.26pt x 1943.26pt>
File: figures/trashrobot/artboxnet.jpg Graphic file (type jpg)

<use figures/trashrobot/artboxnet.jpg>
Package pdftex.def Info: figures/trashrobot/artboxnet.jpg used on input line 74
.
(pdftex.def)             Requested size: 289.07999pt x 289.07463pt.

<figures/trashrobot/artboxassembly.jpg, id=1559, 1943.26pt x 1943.26pt>
File: figures/trashrobot/artboxassembly.jpg Graphic file (type jpg)

<use figures/trashrobot/artboxassembly.jpg>
Package pdftex.def Info: figures/trashrobot/artboxassembly.jpg used on input li
ne 82.
(pdftex.def)             Requested size: 289.07999pt x 289.07463pt.

<figures/trashrobot/artboxrainbowskin.jpg, id=1560, 1943.26pt x 1943.26pt>
File: figures/trashrobot/artboxrainbowskin.jpg Graphic file (type jpg)

<use figures/trashrobot/artboxrainbowskin.jpg>
Package pdftex.def Info: figures/trashrobot/artboxrainbowskin.jpg used on input
 line 89.
(pdftex.def)             Requested size: 289.07999pt x 289.07463pt.

<figures/trashrobot/artboxhole.jpg, id=1561, 1943.26pt x 1943.26pt>
File: figures/trashrobot/artboxhole.jpg Graphic file (type jpg)

<use figures/trashrobot/artboxhole.jpg>
Package pdftex.def Info: figures/trashrobot/artboxhole.jpg used on input line 9
6.
(pdftex.def)             Requested size: 289.07999pt x 289.07463pt.

<figures/trashrobot/artboxtie.jpg, id=1562, 1943.26pt x 1943.26pt>
File: figures/trashrobot/artboxtie.jpg Graphic file (type jpg)

<use figures/trashrobot/artboxtie.jpg>
Package pdftex.def Info: figures/trashrobot/artboxtie.jpg used on input line 10
3.
(pdftex.def)             Requested size: 289.07999pt x 289.07463pt.

<figures/trashrobot/artboxcopy.jpg, id=1563, 1943.26pt x 1943.26pt>
File: figures/trashrobot/artboxcopy.jpg Graphic file (type jpg)

<use figures/trashrobot/artboxcopy.jpg>
Package pdftex.def Info: figures/trashrobot/artboxcopy.jpg used on input line 1
10.
(pdftex.def)             Requested size: 289.07999pt x 289.07463pt.


LaTeX Warning: Float too large for page by 45.07463pt on input line 113.


Underfull \vbox (badness 1616) has occurred while \output is active []

 [235 <./figures/trashrobot/artboxtriangle.jpg>] [236 <./figures/trashrobot/art
boxtriangleset.jpg>] [237 <./figures/trashrobot/artboxnet.jpg>] [238 <./figures
/trashrobot/artboxassembly.jpg>] [239 <./figures/trashrobot/artboxrainbowskin.j
pg>]
[240 <./figures/trashrobot/artboxhole.jpg>] [241 <./figures/trashrobot/artboxti
e.jpg>] [242 <./figures/trashrobot/artboxcopy.jpg>]
Underfull \vbox (badness 2529) has occurred while \output is active []

 [243]
[244] <figures/trashrobot/trashtie.jpg, id=1608, 1943.26pt x 1943.26pt>
File: figures/trashrobot/trashtie.jpg Graphic file (type jpg)

<use figures/trashrobot/trashtie.jpg>
Package pdftex.def Info: figures/trashrobot/trashtie.jpg used on input line 144
.
(pdftex.def)             Requested size: 289.07999pt x 289.07463pt.

<figures/trashrobot/flag.jpg, id=1609, 2603.7275pt x 2603.7275pt>
File: figures/trashrobot/flag.jpg Graphic file (type jpg)

<use figures/trashrobot/flag.jpg>
Package pdftex.def Info: figures/trashrobot/flag.jpg used on input line 151.
(pdftex.def)             Requested size: 289.07999pt x 289.0728pt.

<figures/trashrobot/flagtrashrobot.jpg, id=1610, 1535.7375pt x 2055.68pt>
File: figures/trashrobot/flagtrashrobot.jpg Graphic file (type jpg)

<use figures/trashrobot/flagtrashrobot.jpg>
Package pdftex.def Info: figures/trashrobot/flagtrashrobot.jpg used on input li
ne 158.
(pdftex.def)             Requested size: 289.07999pt x 386.94467pt.


LaTeX Warning: Float too large for page by 29.27798pt on input line 161.

<figures/trashrobot/alphabet.jpg, id=1611, 1943.26pt x 1943.26pt>
File: figures/trashrobot/alphabet.jpg Graphic file (type jpg)

<use figures/trashrobot/alphabet.jpg>
Package pdftex.def Info: figures/trashrobot/alphabet.jpg used on input line 165
.
(pdftex.def)             Requested size: 289.07999pt x 289.07463pt.
File: figures/trashrobot/alphabet.jpg Graphic file (type jpg)
 <use figures/trashrobot/alphabet.jpg>
Package pdftex.def Info: figures/trashrobot/alphabet.jpg used on input line 173
.
(pdftex.def)             Requested size: 289.07999pt x 289.07463pt.

[245] [246 <./figures/trashrobot/trashtie.jpg>] [247 <./figures/trashrobot/flag
.jpg>] [248 <./figures/trashrobot/flagtrashrobot.jpg>] [249 <./figures/trashrob
ot/alphabet.jpg>] [250]
Overfull \hbox (2.26225pt too wide) in paragraph at lines 191--192
[]\OT1/cmr/m/n/12 Workflow: im-age feeds, align, trace, share, print, bake,
 []

[251] [252] [253] [254]
Overfull \hbox (254.40027pt too wide) in paragraph at lines 267--267
[]        \OT1/cmtt/m/n/12 build, share, sell, use printers, following instruct
ions on scrolls on Geometron[] 
 []


Overfull \hbox (112.3752pt too wide) in paragraph at lines 268--268
[]        \OT1/cmtt/m/n/12 use Geometron server to follow the rest of this work
flow:[] 
 []


Overfull \hbox (174.12523pt too wide) in paragraph at lines 272--272
[]        \OT1/cmtt/m/n/12 share feed with other users, save, copy, paste, shar
e share share!![] 
 []


Overfull \hbox (248.22527pt too wide) in paragraph at lines 273--273
[]        \OT1/cmtt/m/n/12 load code into Arduino, print in clay tablet, bake i
t, sell or give away or use[] 
 []


Overfull \hbox (81.50018pt too wide) in paragraph at lines 274--274
[]        \OT1/cmtt/m/n/12 use print to create stamp, sell or give away or use,
[] 
 []


Overfull \hbox (600.20044pt too wide) in paragraph at lines 275--275
[]        \OT1/cmtt/m/n/12 use stamp to create both coin-like tokens and pendan
ts, stamping in clay, baking, using paint pen and sanding flat, sell, trade, or
 wear[] 
 []

) [255]
\tf@toc=\write6
\openout6 = `main.toc'.

\tf@lof=\write7
\openout7 = `main.lof'.

Package atveryend Info: Empty hook `BeforeClearDocument' on input line 78.
Package atveryend Info: Empty hook `AfterLastShipout' on input line 78.
 (./main.aux)
Package atveryend Info: Executing hook `AtVeryEndDocument' on input line 78.
Package atveryend Info: Executing hook `AtEndAfterFileList' on input line 78.


Package rerunfilecheck Warning: File `main.out' has changed.
(rerunfilecheck)                Rerun to get outlines right
(rerunfilecheck)                or use package `bookmark'.

Package rerunfilecheck Info: Checksums for `main.out':
(rerunfilecheck)             Before: 3B261FAB4EBD60D12F7AB575CCAB1354;1627
(rerunfilecheck)             After:  54F652D0A1D23A3E4B359FD84AEDD6FB;1566.

LaTeX Warning: Label(s) may have changed. Rerun to get cross-references right.

Package atveryend Info: Empty hook `AtVeryVeryEnd' on input line 78.
 ) 
Here is how much of TeX's memory you used:
 9699 strings out of 494953
 141568 string characters out of 6180977
 253425 words of memory out of 5000000
 12400 multiletter control sequences out of 15000+600000
 11249 words of font info for 39 fonts, out of 8000000 for 9000
 14 hyphenation exceptions out of 8191
 32i,11n,30p,2221b,476s stack positions out of 5000i,500n,10000p,200000b,80000s
pdfTeX warning (dest): name{section.3.1} has been referenced but does not exi
st, replaced by a fixed one

</usr/share/texlive/texmf-dist/fonts/type1/public/amsfonts/cm/cmbx10.pfb></usr/
share/texlive/texmf-dist/fonts/type1/public/amsfonts/cm/cmbx12.pfb></usr/share/
texlive/texmf-dist/fonts/type1/public/amsfonts/cm/cmbxti10.pfb></usr/share/texl
ive/texmf-dist/fonts/type1/public/amsfonts/cm/cmmi12.pfb></usr/share/texlive/te
xmf-dist/fonts/type1/public/amsfonts/cm/cmmi8.pfb></usr/share/texlive/texmf-dis
t/fonts/type1/public/amsfonts/cm/cmr12.pfb></usr/share/texlive/texmf-dist/fonts
/type1/public/amsfonts/cm/cmr17.pfb></usr/share/texlive/texmf-dist/fonts/type1/
public/amsfonts/cm/cmr8.pfb></usr/share/texlive/texmf-dist/fonts/type1/public/a
msfonts/cm/cmsl12.pfb></usr/share/texlive/texmf-dist/fonts/type1/public/amsfont
s/cm/cmsy10.pfb></usr/share/texlive/texmf-dist/fonts/type1/public/amsfonts/cm/c
msy8.pfb></usr/share/texlive/texmf-dist/fonts/type1/public/amsfonts/cm/cmti12.p
fb></usr/share/texlive/texmf-dist/fonts/type1/public/amsfonts/cm/cmtt12.pfb>
Output written on main.pdf (263 pages, 12923637 bytes).
PDF statistics:
 1802 PDF objects out of 2073 (max. 8388607)
 1406 compressed objects within 15 object streams
 420 named destinations out of 1000 (max. 500000)
 531 words of extra memory for PDF output out of 10000 (max. 10000000)

