This is pdfTeX, Version 3.14159265-2.6-1.40.16 (TeX Live 2015/Debian) (preloaded format=pdflatex 2018.4.11)  25 MAY 2021 13:19
entering extended mode
 restricted \write18 enabled.
 %&-line parsing enabled.
**main-bigpaper.tex
(./main-bigpaper.tex
LaTeX2e <2016/02/01>
Babel <3.9q> and hyphenation patterns for 3 language(s) loaded.
(/usr/share/texlive/texmf-dist/tex/latex/base/report.cls
Document Class: report 2014/09/29 v1.4h Standard LaTeX document class
(/usr/share/texlive/texmf-dist/tex/latex/base/size10.clo
File: size10.clo 2014/09/29 v1.4h Standard LaTeX file (size option)
)
\c@part=\count79
\c@chapter=\count80
\c@section=\count81
\c@subsection=\count82
\c@subsubsection=\count83
\c@paragraph=\count84
\c@subparagraph=\count85
\c@figure=\count86
\c@table=\count87
\abovecaptionskip=\skip41
\belowcaptionskip=\skip42
\bibindent=\dimen102
)
(/usr/share/texlive/texmf-dist/tex/latex/base/inputenc.sty
Package: inputenc 2015/03/17 v1.2c Input encoding file
\inpenc@prehook=\toks14
\inpenc@posthook=\toks15


! LaTeX Error: File `utf8x.def' not found.

Type X to quit or <RETURN> to proceed,
or enter new name. (Default extension: def)

Enter file name: 

Package inputenc Warning: No characters defined
(inputenc)                by input encoding change to `utf8x'
(inputenc)                 on input line 173.

) (/usr/share/texlive/texmf-dist/tex/generic/babel/babel.sty
Package: babel 2016/02/24 3.9q The Babel package

(/usr/share/texlive/texmf-dist/tex/generic/babel-english/english.ldf
Language: english 2012/08/20 v3.3p English support from the babel system

(/usr/share/texlive/texmf-dist/tex/generic/babel/babel.def
File: babel.def 2016/02/24 3.9q Babel common definitions
\babel@savecnt=\count88
\U@D=\dimen103
)
\l@british = a dialect from \language\l@english 
\l@UKenglish = a dialect from \language\l@english 
\l@canadian = a dialect from \language\l@american 
\l@australian = a dialect from \language\l@british 
\l@newzealand = a dialect from \language\l@british 
))
(/usr/share/texlive/texmf-dist/tex/latex/url/url.sty
\Urlmuskip=\muskip10
Package: url 2013/09/16  ver 3.4  Verb mode for urls, etc.
)
(/usr/share/texlive/texmf-dist/tex/latex/graphics/graphicx.sty
Package: graphicx 2014/10/28 v1.0g Enhanced LaTeX Graphics (DPC,SPQR)

(/usr/share/texlive/texmf-dist/tex/latex/graphics/keyval.sty
Package: keyval 2014/10/28 v1.15 key=value parser (DPC)
\KV@toks@=\toks16
)
(/usr/share/texlive/texmf-dist/tex/latex/graphics/graphics.sty
Package: graphics 2016/01/03 v1.0q Standard LaTeX Graphics (DPC,SPQR)

(/usr/share/texlive/texmf-dist/tex/latex/graphics/trig.sty
Package: trig 2016/01/03 v1.10 sin cos tan (DPC)
)
(/usr/share/texlive/texmf-dist/tex/latex/latexconfig/graphics.cfg
File: graphics.cfg 2010/04/23 v1.9 graphics configuration of TeX Live
)
Package graphics Info: Driver file: pdftex.def on input line 95.

(/usr/share/texlive/texmf-dist/tex/latex/pdftex-def/pdftex.def
File: pdftex.def 2011/05/27 v0.06d Graphics/color for pdfTeX

(/usr/share/texlive/texmf-dist/tex/generic/oberdiek/infwarerr.sty
Package: infwarerr 2010/04/08 v1.3 Providing info/warning/error messages (HO)
)
(/usr/share/texlive/texmf-dist/tex/generic/oberdiek/ltxcmds.sty
Package: ltxcmds 2011/11/09 v1.22 LaTeX kernel commands for general use (HO)
)
\Gread@gobject=\count89
))
\Gin@req@height=\dimen104
\Gin@req@width=\dimen105
)

! LaTeX Error: File `imakeidx.sty' not found.

Type X to quit or <RETURN> to proceed,
or enter new name. (Default extension: sty)

Enter file name: 
(/usr/share/texlive/texmf-dist/tex/latex/hyperref/hyperref.sty
Package: hyperref 2012/11/06 v6.83m Hypertext links for LaTeX

(/usr/share/texlive/texmf-dist/tex/generic/oberdiek/hobsub-hyperref.sty
Package: hobsub-hyperref 2012/05/28 v1.13 Bundle oberdiek, subset hyperref (HO)


(/usr/share/texlive/texmf-dist/tex/generic/oberdiek/hobsub-generic.sty
Package: hobsub-generic 2012/05/28 v1.13 Bundle oberdiek, subset generic (HO)
Package: hobsub 2012/05/28 v1.13 Construct package bundles (HO)
Package hobsub Info: Skipping package `infwarerr' (already loaded).
Package hobsub Info: Skipping package `ltxcmds' (already loaded).
Package: ifluatex 2010/03/01 v1.3 Provides the ifluatex switch (HO)
Package ifluatex Info: LuaTeX not detected.
Package: ifvtex 2010/03/01 v1.5 Detect VTeX and its facilities (HO)
Package ifvtex Info: VTeX not detected.
Package: intcalc 2007/09/27 v1.1 Expandable calculations with integers (HO)
Package: ifpdf 2011/01/30 v2.3 Provides the ifpdf switch (HO)
Package ifpdf Info: pdfTeX in PDF mode is detected.
Package: etexcmds 2011/02/16 v1.5 Avoid name clashes with e-TeX commands (HO)
Package etexcmds Info: Could not find \expanded.
(etexcmds)             That can mean that you are not using pdfTeX 1.50 or
(etexcmds)             that some package has redefined \expanded.
(etexcmds)             In the latter case, load this package earlier.
Package: kvsetkeys 2012/04/25 v1.16 Key value parser (HO)
Package: kvdefinekeys 2011/04/07 v1.3 Define keys (HO)
Package: pdftexcmds 2011/11/29 v0.20 Utility functions of pdfTeX for LuaTeX (HO
)
Package pdftexcmds Info: LuaTeX not detected.
Package pdftexcmds Info: \pdf@primitive is available.
Package pdftexcmds Info: \pdf@ifprimitive is available.
Package pdftexcmds Info: \pdfdraftmode found.
Package: pdfescape 2011/11/25 v1.13 Implements pdfTeX's escape features (HO)
Package: bigintcalc 2012/04/08 v1.3 Expandable calculations on big integers (HO
)
Package: bitset 2011/01/30 v1.1 Handle bit-vector datatype (HO)
Package: uniquecounter 2011/01/30 v1.2 Provide unlimited unique counter (HO)
)
Package hobsub Info: Skipping package `hobsub' (already loaded).
Package: letltxmacro 2010/09/02 v1.4 Let assignment for LaTeX macros (HO)
Package: hopatch 2012/05/28 v1.2 Wrapper for package hooks (HO)
Package: xcolor-patch 2011/01/30 xcolor patch
Package: atveryend 2011/06/30 v1.8 Hooks at the very end of document (HO)
Package atveryend Info: \enddocument detected (standard20110627).
Package: atbegshi 2011/10/05 v1.16 At begin shipout hook (HO)
Package: refcount 2011/10/16 v3.4 Data extraction from label references (HO)
Package: hycolor 2011/01/30 v1.7 Color options for hyperref/bookmark (HO)
)
(/usr/share/texlive/texmf-dist/tex/generic/ifxetex/ifxetex.sty
Package: ifxetex 2010/09/12 v0.6 Provides ifxetex conditional
)
(/usr/share/texlive/texmf-dist/tex/latex/oberdiek/auxhook.sty
Package: auxhook 2011/03/04 v1.3 Hooks for auxiliary files (HO)
)
(/usr/share/texlive/texmf-dist/tex/latex/oberdiek/kvoptions.sty
Package: kvoptions 2011/06/30 v3.11 Key value format for package options (HO)
)
\@linkdim=\dimen106
\Hy@linkcounter=\count90
\Hy@pagecounter=\count91

(/usr/share/texlive/texmf-dist/tex/latex/hyperref/pd1enc.def
File: pd1enc.def 2012/11/06 v6.83m Hyperref: PDFDocEncoding definition (HO)
)
\Hy@SavedSpaceFactor=\count92

(/usr/share/texlive/texmf-dist/tex/latex/latexconfig/hyperref.cfg
File: hyperref.cfg 2002/06/06 v1.2 hyperref configuration of TeXLive
)
Package hyperref Info: Hyper figures OFF on input line 4443.
Package hyperref Info: Link nesting OFF on input line 4448.
Package hyperref Info: Hyper index ON on input line 4451.
Package hyperref Info: Plain pages OFF on input line 4458.
Package hyperref Info: Backreferencing OFF on input line 4463.
Package hyperref Info: Implicit mode ON; LaTeX internals redefined.
Package hyperref Info: Bookmarks ON on input line 4688.
\c@Hy@tempcnt=\count93
LaTeX Info: Redefining \url on input line 5041.
\XeTeXLinkMargin=\dimen107
\Fld@menulength=\count94
\Field@Width=\dimen108
\Fld@charsize=\dimen109
Package hyperref Info: Hyper figures OFF on input line 6295.
Package hyperref Info: Link nesting OFF on input line 6300.
Package hyperref Info: Hyper index ON on input line 6303.
Package hyperref Info: backreferencing OFF on input line 6310.
Package hyperref Info: Link coloring OFF on input line 6315.
Package hyperref Info: Link coloring with OCG OFF on input line 6320.
Package hyperref Info: PDF/A mode OFF on input line 6325.
LaTeX Info: Redefining \ref on input line 6365.
LaTeX Info: Redefining \pageref on input line 6369.
\Hy@abspage=\count95
\c@Item=\count96
\c@Hfootnote=\count97
)

Package hyperref Message: Driver (autodetected): hpdftex.

(/usr/share/texlive/texmf-dist/tex/latex/hyperref/hpdftex.def
File: hpdftex.def 2012/11/06 v6.83m Hyperref driver for pdfTeX
\Fld@listcount=\count98
\c@bookmark@seq@number=\count99

(/usr/share/texlive/texmf-dist/tex/latex/oberdiek/rerunfilecheck.sty
Package: rerunfilecheck 2011/04/15 v1.7 Rerun checks for auxiliary files (HO)
Package uniquecounter Info: New unique counter `rerunfilecheck' on input line 2
82.
)
\Hy@SectionHShift=\skip43
)
(/usr/share/texlive/texmf-dist/tex/latex/tools/afterpage.sty
Package: afterpage 2014/10/28 v1.08 After-Page Package (DPC)
\AP@output=\toks17
\AP@partial=\box26
\AP@footins=\box27
)
\@indexfile=\write3
\openout3 = `main-bigpaper.idx'.


Writing index file main-bigpaper.idx
(./main-bigpaper.aux)
\openout1 = `main-bigpaper.aux'.

LaTeX Font Info:    Checking defaults for OML/cmm/m/it on input line 23.
LaTeX Font Info:    ... okay on input line 23.
LaTeX Font Info:    Checking defaults for T1/cmr/m/n on input line 23.
LaTeX Font Info:    ... okay on input line 23.
LaTeX Font Info:    Checking defaults for OT1/cmr/m/n on input line 23.
LaTeX Font Info:    ... okay on input line 23.
LaTeX Font Info:    Checking defaults for OMS/cmsy/m/n on input line 23.
LaTeX Font Info:    ... okay on input line 23.
LaTeX Font Info:    Checking defaults for OMX/cmex/m/n on input line 23.
LaTeX Font Info:    ... okay on input line 23.
LaTeX Font Info:    Checking defaults for U/cmr/m/n on input line 23.
LaTeX Font Info:    ... okay on input line 23.
LaTeX Font Info:    Checking defaults for PD1/pdf/m/n on input line 23.
LaTeX Font Info:    ... okay on input line 23.

(/usr/share/texlive/texmf-dist/tex/context/base/supp-pdf.mkii
[Loading MPS to PDF converter (version 2006.09.02).]
\scratchcounter=\count100
\scratchdimen=\dimen110
\scratchbox=\box28
\nofMPsegments=\count101
\nofMParguments=\count102
\everyMPshowfont=\toks18
\MPscratchCnt=\count103
\MPscratchDim=\dimen111
\MPnumerator=\count104
\makeMPintoPDFobject=\count105
\everyMPtoPDFconversion=\toks19
) (/usr/share/texlive/texmf-dist/tex/latex/oberdiek/epstopdf-base.sty
Package: epstopdf-base 2010/02/09 v2.5 Base part for package epstopdf

(/usr/share/texlive/texmf-dist/tex/latex/oberdiek/grfext.sty
Package: grfext 2010/08/19 v1.1 Manage graphics extensions (HO)
)
Package grfext Info: Graphics extension search list:
(grfext)             [.png,.pdf,.jpg,.mps,.jpeg,.jbig2,.jb2,.PNG,.PDF,.JPG,.JPE
G,.JBIG2,.JB2,.eps]
(grfext)             \AppendGraphicsExtensions on input line 452.

(/usr/share/texlive/texmf-dist/tex/latex/latexconfig/epstopdf-sys.cfg
File: epstopdf-sys.cfg 2010/07/13 v1.3 Configuration of (r)epstopdf for TeX Liv
e
))
\AtBeginShipoutBox=\box29
Package hyperref Info: Link coloring OFF on input line 23.

(/usr/share/texlive/texmf-dist/tex/latex/hyperref/nameref.sty
Package: nameref 2012/10/27 v2.43 Cross-referencing by name of section

(/usr/share/texlive/texmf-dist/tex/generic/oberdiek/gettitlestring.sty
Package: gettitlestring 2010/12/03 v1.4 Cleanup title references (HO)
)
\c@section@level=\count106
)
LaTeX Info: Redefining \ref on input line 23.
LaTeX Info: Redefining \pageref on input line 23.
LaTeX Info: Redefining \nameref on input line 23.

(./main-bigpaper.out) (./main-bigpaper.out)
\@outlinefile=\write4
\openout4 = `main-bigpaper.out'.


! Undefined control sequence.
l.24 \frontmatter
                 
? 
<cover.png, id=205, 351.3125pt x 501.875pt>
File: cover.png Graphic file (type png)
 <use cover.png>
Package pdftex.def Info: cover.png used on input line 27.
(pdftex.def)             Requested size: 351.31163pt x 501.87376pt.

Overfull \hbox (6.31163pt too wide) in paragraph at lines 27--28
 [][] 
 []

[1{/var/lib/texmf/fonts/map/pdftex/updmap/pdftex.map} <./cover.png>] [2



]
LaTeX Font Info:    External font `cmex10' loaded for size
(Font)              <12> on input line 38.
LaTeX Font Info:    External font `cmex10' loaded for size
(Font)              <8> on input line 38.
LaTeX Font Info:    External font `cmex10' loaded for size
(Font)              <6> on input line 38.
pdfTeX warning (ext4): destination with the same identifier (name{page.1}) has 
been already used, duplicate ignored
<to be read again> 
                   \relax 
l.38 
      [1]
! Undefined control sequence.
l.43 \mainmatter
                
? 
Chapter 1.
(./civilizations.texpdfTeX warning (ext4): destination with the same identifier
 (name{page.1}) has been already used, duplicate ignored
<to be read again> 
                   \relax 
l.10 
      [1

]pdfTeX warning (ext4): destination with the same identifier (name{page.2}) has
 been already used, duplicate ignored
<to be read again> 
                   \relax 
l.18 
      [2] [3] [4] [5]
<figures/shapes/blank.png, id=244, 190.46156pt x 258.5911pt>
File: figures/shapes/blank.png Graphic file (type png)

<use figures/shapes/blank.png>
Package pdftex.def Info: figures/shapes/blank.png used on input line 55.
(pdftex.def)             Requested size: 216.81pt x 294.3747pt.
File: figures/shapes/blank.png Graphic file (type png)
 <use figures/shapes/blank.png>
Package pdftex.def Info: figures/shapes/blank.png used on input line 59.
(pdftex.def)             Requested size: 216.81pt x 294.3747pt.
) [6] [7 <./figures/shapes/blank.png>] [8]
Chapter 2.
(./organicmedia.tex [9

] [10] [11] [12] [13] [14]

Package hyperref Warning: Difference (2) between bookmark levels is greater 
(hyperref)                than one, level fixed on input line 68.

LaTeX Font Info:    External font `cmex10' loaded for size
(Font)              <7> on input line 70.
LaTeX Font Info:    External font `cmex10' loaded for size
(Font)              <5> on input line 70.
[15] [16]
File: figures/shapes/blank.png Graphic file (type png)
 <use figures/shapes/blank.png>
Package pdftex.def Info: figures/shapes/blank.png used on input line 86.
(pdftex.def)             Requested size: 216.81pt x 294.3747pt.
File: figures/shapes/blank.png Graphic file (type png)
 <use figures/shapes/blank.png>
Package pdftex.def Info: figures/shapes/blank.png used on input line 90.
(pdftex.def)             Requested size: 216.81pt x 294.3747pt.
)
[17] [18] [19]
Chapter 3.
(./streetnetwork.tex

Package hyperref Warning: Difference (2) between bookmark levels is greater 
(hyperref)                than one, level fixed on input line 2.

[20

] [21] [22]
Overfull \hbox (1.27829pt too wide) in paragraph at lines 33--34
[]\OT1/cmr/m/n/10 In or-der to see the power of this sec-ond means of net-work 
sup-port of marginal-
 []

[23] [24] [25] [26]
File: figures/shapes/blank.png Graphic file (type png)
 <use figures/shapes/blank.png>
Package pdftex.def Info: figures/shapes/blank.png used on input line 65.
(pdftex.def)             Requested size: 216.81pt x 294.3747pt.
File: figures/shapes/blank.png Graphic file (type png)

<use figures/shapes/blank.png>
Package pdftex.def Info: figures/shapes/blank.png used on input line 69.
(pdftex.def)             Requested size: 216.81pt x 294.3747pt.
File: figures/shapes/blank.png Graphic file (type png)
 <use figures/shapes/blank.png>
Package pdftex.def Info: figures/shapes/blank.png used on input line 73.
(pdftex.def)             Requested size: 216.81pt x 294.3747pt.
File: figures/shapes/blank.png Graphic file (type png)

<use figures/shapes/blank.png>
Package pdftex.def Info: figures/shapes/blank.png used on input line 77.
(pdftex.def)             Requested size: 216.81pt x 294.3747pt.
File: figures/shapes/blank.png Graphic file (type png)
 <use figures/shapes/blank.png>
Package pdftex.def Info: figures/shapes/blank.png used on input line 81.
(pdftex.def)             Requested size: 216.81pt x 294.3747pt.
) [27] [28]
[29] [30] [31] [32]
Chapter 4.
(./servers.tex
LaTeX Font Info:    Try loading font information for OMS+cmr on input line 10.
 (/usr/share/texlive/texmf-dist/tex/latex/base/omscmr.fd
File: omscmr.fd 2014/09/29 v2.5h Standard LaTeX font definitions
)
LaTeX Font Info:    Font shape `OMS/cmr/m/n' in size <10> not available
(Font)              Font shape `OMS/cmsy/m/n' tried instead on input line 10.

[33

] [34] [35]) [36]
Chapter 5.
(./scrolls.tex
! You can't use `\spacefactor' in math mode.
\@->\spacefactor 
                 \@m {}
l.10 ...typesetting capability, we use the $\LaTeX
                                                  $ typesetting system as an...

? 
Missing character: There is no è in font cmex10!
! You can't use `\spacefactor' in math mode.
\@->\spacefactor 
                 \@m {}
l.10 ...echnical documents which use math. $\LaTeX
                                                  $ is also used to build mo...

? 
Missing character: There is no è in font cmex10!
! You can't use `\spacefactor' in math mode.
\@->\spacefactor 
                 \@m {}
l.10 ...ocuments to make that work.  Also, $\LaTeX
                                                  $ is used to typeset the e...

? 
Missing character: There is no è in font cmex10!
[37

]
! You can't use `\spacefactor' in math mode.
\@->\spacefactor 
                 \@m {}
l.12 ... and widely available.  To convert $\LaTeX
                                                  $ code into HTML we use th...

? 
Missing character: There is no è in font cmex10!
[38]
! You can't use `macro parameter character #' in horizontal mode.
l.24 ....  This is done with the number symbol ``#
                                                  ''.  The more number symbo...

? 
[39]
! Misplaced alignment tab character &.
l.39 ...eate a link to copy.php?from=scrolls/tree&
                                                  to=scrolls/tree2.
? 
[40] [41] [42] [43]
! You can't use `\spacefactor' in math mode.
\@->\spacefactor 
                 \@m {}
l.71 ...ents which use math typeset in the $\LaTeX
                                                  $ system and how to use th...

? 
Missing character: There is no è in font cmex10!
) [44]
Chapter 6.
(./feeds.tex [45

]
Overfull \hbox (1.6738pt too wide) in paragraph at lines 24--25
[]\OT1/cmr/bx/n/10 Everything is phys-i-cal. \OT1/cmr/m/n/10 The struc-ture de-
scribed here might sound unimag-
 []

[46] [47] [48]) [49]
Chapter 7.
(./maps.tex [50

] [51] [52] [53] [54]) [55]
Chapter 8.
(./symbols.tex [56

] [57]
<figures/symbol/vesicapiscisspelling.png, id=467, 401.5pt x 401.5pt>
File: figures/symbol/vesicapiscisspelling.png Graphic file (type png)

<use figures/symbol/vesicapiscisspelling.png>
Package pdftex.def Info: figures/symbol/vesicapiscisspelling.png used on input 
line 22.
(pdftex.def)             Requested size: 216.81pt x 216.81288pt.
 [58 <./figures/symbol/vesicapiscisspelling.png>] <figures/symbol/pentagram.png
, id=475, 401.5pt x 401.5pt>
File: figures/symbol/pentagram.png Graphic file (type png)

<use figures/symbol/pentagram.png>
Package pdftex.def Info: figures/symbol/pentagram.png used on input line 35.
(pdftex.def)             Requested size: 216.81pt x 216.81288pt.

<figures/symbol/hexagram.png, id=476, 401.5pt x 401.5pt>
File: figures/symbol/hexagram.png Graphic file (type png)

<use figures/symbol/hexagram.png>
Package pdftex.def Info: figures/symbol/hexagram.png used on input line 45.
(pdftex.def)             Requested size: 216.81pt x 216.81288pt.

<figures/symbol/squareroottwo.png, id=477, 401.5pt x 401.5pt>
File: figures/symbol/squareroottwo.png Graphic file (type png)

<use figures/symbol/squareroottwo.png>
Package pdftex.def Info: figures/symbol/squareroottwo.png used on input line 52
.
(pdftex.def)             Requested size: 216.81pt x 216.81288pt.
 [59] [60 <./figures/symbol/pentagram.png> <./figures/symbol/hexagram.png>]
<figures/symbol/scales.png, id=491, 312.41719pt x 95.9836pt>
File: figures/symbol/scales.png Graphic file (type png)

<use figures/symbol/scales.png>
Package pdftex.def Info: figures/symbol/scales.png used on input line 62.
(pdftex.def)             Requested size: 216.81pt x 66.611pt.

<figures/symbol/cursormovements.png, id=492, 401.5pt x 401.5pt>
File: figures/symbol/cursormovements.png Graphic file (type png)

<use figures/symbol/cursormovements.png>
Package pdftex.def Info: figures/symbol/cursormovements.png used on input line 
74.
(pdftex.def)             Requested size: 216.81pt x 216.81288pt.
 [61 <./figures/symbol/squareroottwo.png> <./figures/symbol/scales.png>] [62 <.
/figures/symbol/cursormovements.png>]
<figures/symbol/colors.png, id=507, 300.7486pt x 49.68562pt>
File: figures/symbol/colors.png Graphic file (type png)

<use figures/symbol/colors.png>
Package pdftex.def Info: figures/symbol/colors.png used on input line 87.
(pdftex.def)             Requested size: 216.81pt x 35.81985pt.

<figures/symbol/uparrowspelling.png, id=508, 401.5pt x 401.5pt>
File: figures/symbol/uparrowspelling.png Graphic file (type png)

<use figures/symbol/uparrowspelling.png>
Package pdftex.def Info: figures/symbol/uparrowspelling.png used on input line 
97.
(pdftex.def)             Requested size: 216.81pt x 216.81288pt.

<figures/symbol/cubes.png, id=509, 401.5pt x 301.125pt>
File: figures/symbol/cubes.png Graphic file (type png)

<use figures/symbol/cubes.png>
Package pdftex.def Info: figures/symbol/cubes.png used on input line 110.
(pdftex.def)             Requested size: 216.81pt x 162.60966pt.
 [63 <./figures/symbol/colors.png>] [64 <./figures/symbol/uparrowspelling.png> 
<./figures/symbol/cubes.png>] [65] [66]
File: figures/shapes/blank.png Graphic file (type png)

<use figures/shapes/blank.png>
Package pdftex.def Info: figures/shapes/blank.png used on input line 141.
(pdftex.def)             Requested size: 216.81pt x 294.3747pt.
File: figures/shapes/blank.png Graphic file (type png)
 <use figures/shapes/blank.png>
Package pdftex.def Info: figures/shapes/blank.png used on input line 145.
(pdftex.def)             Requested size: 216.81pt x 294.3747pt.
File: figures/shapes/blank.png Graphic file (type png)

<use figures/shapes/blank.png>
Package pdftex.def Info: figures/shapes/blank.png used on input line 149.
(pdftex.def)             Requested size: 216.81pt x 294.3747pt.
) [67] [68] [69]
Chapter 9.
(./web2d.tex <figures/web2d/keyboard.png, id=545, 835.99828pt x 242.02922pt>
File: figures/web2d/keyboard.png Graphic file (type png)

<use figures/web2d/keyboard.png>
Package pdftex.def Info: figures/web2d/keyboard.png used on input line 8.
(pdftex.def)             Requested size: 289.07999pt x 83.6922pt.
 [70

] [71 <./figures/web2d/keyboard.png>]
<figures/web2d/cursoredit.png, id=557, 401.5pt x 301.125pt>
File: figures/web2d/cursoredit.png Graphic file (type png)

<use figures/web2d/cursoredit.png>
Package pdftex.def Info: figures/web2d/cursoredit.png used on input line 27.
(pdftex.def)             Requested size: 216.81pt x 162.60966pt.

<figures/web2d/move.png, id=558, 401.5pt x 170.6375pt>
File: figures/web2d/move.png Graphic file (type png)

<use figures/web2d/move.png>
Package pdftex.def Info: figures/web2d/move.png used on input line 35.
(pdftex.def)             Requested size: 289.07999pt x 122.8667pt.

<figures/web2d/angles.png, id=559, 401.5pt x 170.6375pt>
File: figures/web2d/angles.png Graphic file (type png)

<use figures/web2d/angles.png>
Package pdftex.def Info: figures/web2d/angles.png used on input line 42.
(pdftex.def)             Requested size: 289.07999pt x 122.8667pt.

<figures/web2d/scaleactions.png, id=560, 401.5pt x 170.6375pt>
File: figures/web2d/scaleactions.png Graphic file (type png)

<use figures/web2d/scaleactions.png>
Package pdftex.def Info: figures/web2d/scaleactions.png used on input line 49.
(pdftex.def)             Requested size: 289.07999pt x 122.8667pt.

<figures/web2d/basicdraw.png, id=561, 401.5pt x 170.6375pt>
File: figures/web2d/basicdraw.png Graphic file (type png)

<use figures/web2d/basicdraw.png>
Package pdftex.def Info: figures/web2d/basicdraw.png used on input line 56.
(pdftex.def)             Requested size: 289.07999pt x 122.8667pt.

<figures/web2d/colors.png, id=562, 401.5pt x 170.6375pt>
File: figures/web2d/colors.png Graphic file (type png)

<use figures/web2d/colors.png>
Package pdftex.def Info: figures/web2d/colors.png used on input line 63.
(pdftex.def)             Requested size: 289.07999pt x 122.8667pt.

<figures/web2d/pathactions.png, id=563, 401.5pt x 170.6375pt>
File: figures/web2d/pathactions.png Graphic file (type png)

<use figures/web2d/pathactions.png>
Package pdftex.def Info: figures/web2d/pathactions.png used on input line 71.
(pdftex.def)             Requested size: 289.07999pt x 122.8667pt.

<figures/web2d/bezieractions.png, id=564, 401.5pt x 170.6375pt>
File: figures/web2d/bezieractions.png Graphic file (type png)

<use figures/web2d/bezieractions.png>
Package pdftex.def Info: figures/web2d/bezieractions.png used on input line 78.

(pdftex.def)             Requested size: 289.07999pt x 122.8667pt.

<figures/web2d/bezierbracket.png, id=565, 401.5pt x 401.5pt>
File: figures/web2d/bezierbracket.png Graphic file (type png)

<use figures/web2d/bezierbracket.png>
Package pdftex.def Info: figures/web2d/bezierbracket.png used on input line 86.

(pdftex.def)             Requested size: 289.07999pt x 289.09814pt.

<figures/web2d/panzoom.png, id=566, 401.5pt x 170.6375pt>
File: figures/web2d/panzoom.png Graphic file (type png)

<use figures/web2d/panzoom.png>
Package pdftex.def Info: figures/web2d/panzoom.png used on input line 94.
(pdftex.def)             Requested size: 289.07999pt x 122.8667pt.

<figures/web2d/flagactions.png, id=567, 401.5pt x 170.6375pt>
File: figures/web2d/flagactions.png Graphic file (type png)

<use figures/web2d/flagactions.png>
Package pdftex.def Info: figures/web2d/flagactions.png used on input line 101.
(pdftex.def)             Requested size: 289.07999pt x 122.8667pt.

<figures/web2d/vesicapiscis.png, id=568, 401.5pt x 401.5pt>
File: figures/web2d/vesicapiscis.png Graphic file (type png)

<use figures/web2d/vesicapiscis.png>
Package pdftex.def Info: figures/web2d/vesicapiscis.png used on input line 109.

(pdftex.def)             Requested size: 289.07999pt x 289.09814pt.

<figures/web2d/cursorscale1.png, id=569, 401.5pt x 401.5pt>
File: figures/web2d/cursorscale1.png Graphic file (type png)

<use figures/web2d/cursorscale1.png>
Package pdftex.def Info: figures/web2d/cursorscale1.png used on input line 115.

(pdftex.def)             Requested size: 289.07999pt x 289.09814pt.

<figures/web2d/cursorangle1.png, id=570, 401.5pt x 401.5pt>
File: figures/web2d/cursorangle1.png Graphic file (type png)

<use figures/web2d/cursorangle1.png>
Package pdftex.def Info: figures/web2d/cursorangle1.png used on input line 121.

(pdftex.def)             Requested size: 289.07999pt x 289.09814pt.

<figures/web2d/cursorsquare.png, id=571, 401.5pt x 401.5pt>
File: figures/web2d/cursorsquare.png Graphic file (type png)

<use figures/web2d/cursorsquare.png>
Package pdftex.def Info: figures/web2d/cursorsquare.png used on input line 127.

(pdftex.def)             Requested size: 289.07999pt x 289.09814pt.

<figures/web2d/cursorroot2.png, id=572, 401.5pt x 401.5pt>
File: figures/web2d/cursorroot2.png Graphic file (type png)

<use figures/web2d/cursorroot2.png>
Package pdftex.def Info: figures/web2d/cursorroot2.png used on input line 133.
(pdftex.def)             Requested size: 289.07999pt x 289.09814pt.

<figures/web2d/cursorgolden.png, id=573, 401.5pt x 401.5pt>
File: figures/web2d/cursorgolden.png Graphic file (type png)

<use figures/web2d/cursorgolden.png>
Package pdftex.def Info: figures/web2d/cursorgolden.png used on input line 139.

(pdftex.def)             Requested size: 289.07999pt x 289.09814pt.

<figures/web2d/cursorroot3.png, id=574, 401.5pt x 401.5pt>
File: figures/web2d/cursorroot3.png Graphic file (type png)

<use figures/web2d/cursorroot3.png>
Package pdftex.def Info: figures/web2d/cursorroot3.png used on input line 145.
(pdftex.def)             Requested size: 289.07999pt x 289.09814pt.

<figures/web2d/cursor3.png, id=575, 401.5pt x 401.5pt>
File: figures/web2d/cursor3.png Graphic file (type png)

<use figures/web2d/cursor3.png>
Package pdftex.def Info: figures/web2d/cursor3.png used on input line 151.
(pdftex.def)             Requested size: 289.07999pt x 289.09814pt.

<figures/web2d/cursor5.png, id=576, 401.5pt x 401.5pt>
File: figures/web2d/cursor5.png Graphic file (type png)

<use figures/web2d/cursor5.png>
Package pdftex.def Info: figures/web2d/cursor5.png used on input line 157.
(pdftex.def)             Requested size: 289.07999pt x 289.09814pt.

<figures/web2d/styleeditor.png, id=577, 514.17094pt x 558.58687pt>
File: figures/web2d/styleeditor.png Graphic file (type png)

<use figures/web2d/styleeditor.png>
Package pdftex.def Info: figures/web2d/styleeditor.png used on input line 167.
(pdftex.def)             Requested size: 289.07999pt x 314.05945pt.

! You can't use `macro parameter character #' in horizontal mode.
l.174 ...00FF, and red with half transparency is #
                                                  FF000080(80 because 8 is h...

? 
[72 <./figures/web2d/cursoredit.png>] [73 <./figures/web2d/move.png> <./figures
/web2d/angles.png>] [74 <./figures/web2d/scaleactions.png> <./figures/web2d/bas
icdraw.png>] [75 <./figures/web2d/colors.png> <./figures/web2d/pathactions.png>
 <./figures/web2d/bezieractions.png>] [76 <./figures/web2d/bezierbracket.png> <
./figures/web2d/panzoom.png>] [77 <./figures/web2d/flagactions.png> <./figures/
web2d/vesicapiscis.png>] [78 <./figures/web2d/cursorscale1.png>] [79 <./figures
/web2d/cursorangle1.png>] [80 <./figures/web2d/cursorsquare.png>] [81 <./figure
s/web2d/cursorroot2.png>] [82 <./figures/web2d/cursorgolden.png>] [83 <./figure
s/web2d/cursorroot3.png>] [84 <./figures/web2d/cursor3.png>] [85 <./figures/web
2d/cursor5.png>] [86 <./figures/web2d/styleeditor.png>] [87]
File: figures/shapes/blank.png Graphic file (type png)

<use figures/shapes/blank.png>
Package pdftex.def Info: figures/shapes/blank.png used on input line 196.
(pdftex.def)             Requested size: 216.81pt x 294.3747pt.
File: figures/shapes/blank.png Graphic file (type png)
 <use figures/shapes/blank.png>
Package pdftex.def Info: figures/shapes/blank.png used on input line 200.
(pdftex.def)             Requested size: 216.81pt x 294.3747pt.
File: figures/shapes/blank.png Graphic file (type png)

<use figures/shapes/blank.png>
Package pdftex.def Info: figures/shapes/blank.png used on input line 204.
(pdftex.def)             Requested size: 216.81pt x 294.3747pt.
) [88] [89] [90] [91]
Chapter 10.
(./shapes.tex [92

] [93]
<figures/shapes/rlc.png, id=712, 451.6875pt x 451.6875pt>
File: figures/shapes/rlc.png Graphic file (type png)

<use figures/shapes/rlc.png>
Package pdftex.def Info: figures/shapes/rlc.png used on input line 28.
(pdftex.def)             Requested size: 216.81pt x 216.81442pt.

<figures/shapes/inductorloop.png, id=713, 401.5pt x 250.9375pt>
File: figures/shapes/inductorloop.png Graphic file (type png)

<use figures/shapes/inductorloop.png>
Package pdftex.def Info: figures/shapes/inductorloop.png used on input line 35.

(pdftex.def)             Requested size: 216.81pt x 135.50804pt.

<figures/shapes/inductor.png, id=714, 401.5pt x 200.75pt>
File: figures/shapes/inductor.png Graphic file (type png)

<use figures/shapes/inductor.png>
Package pdftex.def Info: figures/shapes/inductor.png used on input line 42.
(pdftex.def)             Requested size: 216.81pt x 108.40643pt.

<figures/shapes/rcline.png, id=715, 451.6875pt x 451.6875pt>
File: figures/shapes/rcline.png Graphic file (type png)

<use figures/shapes/rcline.png>
Package pdftex.def Info: figures/shapes/rcline.png used on input line 50.
(pdftex.def)             Requested size: 216.81pt x 216.81442pt.

<figures/shapes/treeoflife.png, id=716, 451.6875pt x 752.8125pt>
File: figures/shapes/treeoflife.png Graphic file (type png)

<use figures/shapes/treeoflife.png>
Package pdftex.def Info: figures/shapes/treeoflife.png used on input line 57.
(pdftex.def)             Requested size: 216.81pt x 361.35738pt.

<figures/shapes/treeoflifespelling.png, id=717, 602.25pt x 401.5pt>
File: figures/shapes/treeoflifespelling.png Graphic file (type png)

<use figures/shapes/treeoflifespelling.png>
Package pdftex.def Info: figures/shapes/treeoflifespelling.png used on input li
ne 64.
(pdftex.def)             Requested size: 289.07999pt x 192.72392pt.

<figures/shapes/estrogendiagram.png, id=718, 421.1986pt x 262.35516pt>
File: figures/shapes/estrogendiagram.png Graphic file (type png)

<use figures/shapes/estrogendiagram.png>
Package pdftex.def Info: figures/shapes/estrogendiagram.png used on input line 
71.
(pdftex.def)             Requested size: 216.81pt x 135.04836pt.

<figures/shapes/estrogenspelling.png, id=719, 311.28796pt x 214.92796pt>
File: figures/shapes/estrogenspelling.png Graphic file (type png)

<use figures/shapes/estrogenspelling.png>
Package pdftex.def Info: figures/shapes/estrogenspelling.png used on input line
 78.
(pdftex.def)             Requested size: 216.81pt x 149.69753pt.

<figures/shapes/hebrew.png, id=720, 401.5pt x 200.75pt>
File: figures/shapes/hebrew.png Graphic file (type png)

<use figures/shapes/hebrew.png>
Package pdftex.def Info: figures/shapes/hebrew.png used on input line 85.
(pdftex.def)             Requested size: 216.81pt x 108.40643pt.

<figures/shapes/katakana.png, id=721, 239.39438pt x 197.23688pt>
File: figures/shapes/katakana.png Graphic file (type png)

<use figures/shapes/katakana.png>
Package pdftex.def Info: figures/shapes/katakana.png used on input line 93.
(pdftex.def)             Requested size: 216.81pt x 178.63109pt.
File: figures/shapes/blank.png Graphic file (type png)
 <use figures/shapes/blank.png>
Package pdftex.def Info: figures/shapes/blank.png used on input line 100.
(pdftex.def)             Requested size: 216.81pt x 294.3747pt.
File: figures/shapes/blank.png Graphic file (type png)

<use figures/shapes/blank.png>
Package pdftex.def Info: figures/shapes/blank.png used on input line 104.
(pdftex.def)             Requested size: 216.81pt x 294.3747pt.
File: figures/shapes/blank.png Graphic file (type png)
 <use figures/shapes/blank.png>
Package pdftex.def Info: figures/shapes/blank.png used on input line 108.
(pdftex.def)             Requested size: 216.81pt x 294.3747pt.
File: figures/shapes/blank.png Graphic file (type png)

<use figures/shapes/blank.png>
Package pdftex.def Info: figures/shapes/blank.png used on input line 112.
(pdftex.def)             Requested size: 216.81pt x 294.3747pt.
File: figures/shapes/blank.png Graphic file (type png)
 <use figures/shapes/blank.png>
Package pdftex.def Info: figures/shapes/blank.png used on input line 116.
(pdftex.def)             Requested size: 216.81pt x 294.3747pt.
) [94] [95 <./figures/shapes/rlc.png>] [96 <./figures/shapes/inductorloop.png> 
<./figures/shapes/inductor.png>] [97 <./figures/shapes/rcline.png>] [98 <./figu
res/shapes/treeoflife.png>] [99 <./figures/shapes/treeoflifespelling.png> <./fi
gures/shapes/estrogendiagram.png>] [100 <./figures/shapes/estrogenspelling.png>
 <./figures/shapes/hebrew.png>] [101 <./figures/shapes/katakana.png>] [102] [10
3] [104] [105]
[106]
Chapter 11.
(./actiongeometry.tex
<figures/actiongeometry/shapeset.png, id=797, 602.25pt x 602.25pt>
File: figures/actiongeometry/shapeset.png Graphic file (type png)

<use figures/actiongeometry/shapeset.png>
Package pdftex.def Info: figures/actiongeometry/shapeset.png used on input line
 9.
(pdftex.def)             Requested size: 216.81pt x 216.80983pt.

<figures/actiongeometry/rulers.png, id=798, 702.625pt x 702.625pt>
File: figures/actiongeometry/rulers.png Graphic file (type png)

<use figures/actiongeometry/rulers.png>
Package pdftex.def Info: figures/actiongeometry/rulers.png used on input line 1
6.
(pdftex.def)             Requested size: 216.81pt x 216.8037pt.

<figures/actiongeometry/protractor.png, id=799, 602.25pt x 602.25pt>
File: figures/actiongeometry/protractor.png Graphic file (type png)

<use figures/actiongeometry/protractor.png>
Package pdftex.def Info: figures/actiongeometry/protractor.png used on input li
ne 23.
(pdftex.def)             Requested size: 216.81pt x 216.80983pt.

<figures/actiongeometry/penrose.png, id=800, 401.5pt x 401.5pt>
File: figures/actiongeometry/penrose.png Graphic file (type png)

<use figures/actiongeometry/penrose.png>
Package pdftex.def Info: figures/actiongeometry/penrose.png used on input line 
31.
(pdftex.def)             Requested size: 216.81pt x 216.81288pt.

<figures/actiongeometry/stencil.png, id=801, 401.5pt x 401.5pt>
File: figures/actiongeometry/stencil.png Graphic file (type png)

<use figures/actiongeometry/stencil.png>
Package pdftex.def Info: figures/actiongeometry/stencil.png used on input line 
38.
(pdftex.def)             Requested size: 216.81pt x 216.81288pt.

<figures/actiongeometry/pilogo.png, id=802, 401.5pt x 401.5pt>
File: figures/actiongeometry/pilogo.png Graphic file (type png)

<use figures/actiongeometry/pilogo.png>
Package pdftex.def Info: figures/actiongeometry/pilogo.png used on input line 4
6.
(pdftex.def)             Requested size: 216.81pt x 216.81288pt.

<figures/actiongeometry/skeletrontripod.png, id=803, 401.5pt x 401.5pt>
File: figures/actiongeometry/skeletrontripod.png Graphic file (type png)

<use figures/actiongeometry/skeletrontripod.png>
Package pdftex.def Info: figures/actiongeometry/skeletrontripod.png used on inp
ut line 57.
(pdftex.def)             Requested size: 216.81pt x 216.81288pt.

<figures/actiongeometry/skeletron2.png, id=804, 401.5pt x 401.5pt>
File: figures/actiongeometry/skeletron2.png Graphic file (type png)

<use figures/actiongeometry/skeletron2.png>
Package pdftex.def Info: figures/actiongeometry/skeletron2.png used on input li
ne 64.
(pdftex.def)             Requested size: 216.81pt x 216.81288pt.

<figures/actiongeometry/shook.png, id=805, 401.5pt x 401.5pt>
File: figures/actiongeometry/shook.png Graphic file (type png)

<use figures/actiongeometry/shook.png>
Package pdftex.def Info: figures/actiongeometry/shook.png used on input line 72
.
(pdftex.def)             Requested size: 216.81pt x 216.81288pt.

<figures/actiongeometry/tapesnake.png, id=806, 401.5pt x 401.5pt>
File: figures/actiongeometry/tapesnake.png Graphic file (type png)

<use figures/actiongeometry/tapesnake.png>
Package pdftex.def Info: figures/actiongeometry/tapesnake.png used on input lin
e 80.
(pdftex.def)             Requested size: 216.81pt x 216.81288pt.

<figures/actiongeometry/artboxnet.png, id=807, 401.5pt x 401.5pt>
File: figures/actiongeometry/artboxnet.png Graphic file (type png)

<use figures/actiongeometry/artboxnet.png>
Package pdftex.def Info: figures/actiongeometry/artboxnet.png used on input lin
e 88.
(pdftex.def)             Requested size: 216.81pt x 216.81288pt.

<figures/actiongeometry/artbox.png, id=808, 401.5pt x 401.5pt>
File: figures/actiongeometry/artbox.png Graphic file (type png)

<use figures/actiongeometry/artbox.png>
Package pdftex.def Info: figures/actiongeometry/artbox.png used on input line 9
5.
(pdftex.def)             Requested size: 216.81pt x 216.81288pt.

<figures/actiongeometry/artboxtop.png, id=809, 401.5pt x 401.5pt>
File: figures/actiongeometry/artboxtop.png Graphic file (type png)

<use figures/actiongeometry/artboxtop.png>
Package pdftex.def Info: figures/actiongeometry/artboxtop.png used on input lin
e 102.
(pdftex.def)             Requested size: 216.81pt x 216.81288pt.

<figures/actiongeometry/pyramidnet.png, id=810, 401.5pt x 401.5pt>
File: figures/actiongeometry/pyramidnet.png Graphic file (type png)

<use figures/actiongeometry/pyramidnet.png>
Package pdftex.def Info: figures/actiongeometry/pyramidnet.png used on input li
ne 110.
(pdftex.def)             Requested size: 216.81pt x 216.81288pt.

<figures/actiongeometry/pyramid.png, id=811, 401.5pt x 401.5pt>
File: figures/actiongeometry/pyramid.png Graphic file (type png)

<use figures/actiongeometry/pyramid.png>
Package pdftex.def Info: figures/actiongeometry/pyramid.png used on input line 
117.
(pdftex.def)             Requested size: 216.81pt x 216.81288pt.
File: figures/shapes/blank.png Graphic file (type png)
 <use figures/shapes/blank.png>
Package pdftex.def Info: figures/shapes/blank.png used on input line 138.
(pdftex.def)             Requested size: 216.81pt x 294.3747pt.
File: figures/shapes/blank.png Graphic file (type png)

<use figures/shapes/blank.png>
Package pdftex.def Info: figures/shapes/blank.png used on input line 146.
(pdftex.def)             Requested size: 216.81pt x 294.3747pt.
File: figures/shapes/blank.png Graphic file (type png)
 <use figures/shapes/blank.png>
Package pdftex.def Info: figures/shapes/blank.png used on input line 152.
(pdftex.def)             Requested size: 216.81pt x 294.3747pt.
) [107

] [108 <./figures/actiongeometry/shapeset.png> <./figures/actiongeometry/rulers
.png>]
[109 <./figures/actiongeometry/protractor.png> <./figures/actiongeometry/penros
e.png>] [110 <./figures/actiongeometry/stencil.png> <./figures/actiongeometry/p
ilogo.png>] [111 <./figures/actiongeometry/skeletrontripod.png>] [112 <./figure
s/actiongeometry/skeletron2.png>] [113 <./figures/actiongeometry/shook.png>]
[114 <./figures/actiongeometry/tapesnake.png> <./figures/actiongeometry/artboxn
et.png>] [115 <./figures/actiongeometry/artbox.png>] [116 <./figures/actiongeom
etry/artboxtop.png>] [117 <./figures/actiongeometry/pyramidnet.png> <./figures/
actiongeometry/pyramid.png>] [118] [119] [120]
Chapter 12.
(./machines.tex [121

] [122] [123]
<figures/machines/controller.png, id=916, 757.70578pt x 572.5139pt>
File: figures/machines/controller.png Graphic file (type png)

<use figures/machines/controller.png>
Package pdftex.def Info: figures/machines/controller.png used on input line 39.

(pdftex.def)             Requested size: 289.07999pt x 218.4224pt.
 [124] [125 <./figures/machines/controller.png>] <figures/machines/xyzprobe.png
, id=928, 602.25pt x 602.25pt>
File: figures/machines/xyzprobe.png Graphic file (type png)

<use figures/machines/xyzprobe.png>
Package pdftex.def Info: figures/machines/xyzprobe.png used on input line 55.
(pdftex.def)             Requested size: 289.07999pt x 289.08589pt.

<figures/machines/basicmovements.png, id=929, 401.5pt x 401.5pt>
File: figures/machines/basicmovements.png Graphic file (type png)

<use figures/machines/basicmovements.png>
Package pdftex.def Info: figures/machines/basicmovements.png used on input line
 63.
(pdftex.def)             Requested size: 289.07999pt x 289.09814pt.

<figures/machines/actions05xx.png, id=930, 602.25pt x 451.6875pt>
File: figures/machines/actions05xx.png Graphic file (type png)

<use figures/machines/actions05xx.png>
Package pdftex.def Info: figures/machines/actions05xx.png used on input line 72
.
(pdftex.def)             Requested size: 289.07999pt x 216.81442pt.

<figures/machines/printerblockdiagram.png, id=931, 602.25pt x 602.25pt>
File: figures/machines/printerblockdiagram.png Graphic file (type png)

<use figures/machines/printerblockdiagram.png>
Package pdftex.def Info: figures/machines/printerblockdiagram.png used on input
 line 83.
(pdftex.def)             Requested size: 289.07999pt x 289.08589pt.

<figures/machines/buildingwallrobot.png, id=932, 602.25pt x 602.25pt>
File: figures/machines/buildingwallrobot.png Graphic file (type png)

<use figures/machines/buildingwallrobot.png>
Package pdftex.def Info: figures/machines/buildingwallrobot.png used on input l
ine 94.
(pdftex.def)             Requested size: 289.07999pt x 289.08589pt.

<figures/machines/eblblockdiagram.png, id=933, 602.25pt x 602.25pt>
File: figures/machines/eblblockdiagram.png Graphic file (type png)

<use figures/machines/eblblockdiagram.png>
Package pdftex.def Info: figures/machines/eblblockdiagram.png used on input lin
e 104.
(pdftex.def)             Requested size: 289.07999pt x 289.08589pt.
 [126 <./figures/machines/xyzprobe.png>] [127 <./figures/machines/basicmovement
s.png>] [128 <./figures/machines/actions05xx.png>] [129 <./figures/machines/pri
nterblockdiagram.png>] [130 <./figures/machines/buildingwallrobot.png>] [131 <.
/figures/machines/eblblockdiagram.png>]) [132]
Chapter 13.
(./geometron3d.tex
<figures/geometron3d/actions.png, id=975, 401.5pt x 501.875pt>
File: figures/geometron3d/actions.png Graphic file (type png)

<use figures/geometron3d/actions.png>
Package pdftex.def Info: figures/geometron3d/actions.png used on input line 9.
(pdftex.def)             Requested size: 289.07999pt x 361.3727pt.

<figures/geometron3d/shapebuilding1.png, id=976, 401.5pt x 351.3125pt>
File: figures/geometron3d/shapebuilding1.png Graphic file (type png)

<use figures/geometron3d/shapebuilding1.png>
Package pdftex.def Info: figures/geometron3d/shapebuilding1.png used on input l
ine 24.
(pdftex.def)             Requested size: 289.07999pt x 252.96088pt.

<figures/geometron3d/shapebuilding2.png, id=977, 401.5pt x 351.3125pt>
File: figures/geometron3d/shapebuilding2.png Graphic file (type png)

<use figures/geometron3d/shapebuilding2.png>
Package pdftex.def Info: figures/geometron3d/shapebuilding2.png used on input l
ine 31.
(pdftex.def)             Requested size: 289.07999pt x 252.96088pt.
 [133

] [134 <./figures/geometron3d/actions.png>] [135 <./figures/geometron3d/shapebu
ilding1.png>] [136 <./figures/geometron3d/shapebuilding2.png>] [137]
<figures/geometron3d/whimsycastleturret.png, id=1006, 401.5pt x 250.9375pt>
File: figures/geometron3d/whimsycastleturret.png Graphic file (type png)

<use figures/geometron3d/whimsycastleturret.png>
Package pdftex.def Info: figures/geometron3d/whimsycastleturret.png used on inp
ut line 53.
(pdftex.def)             Requested size: 289.07999pt x 180.68634pt.

<figures/geometron3d/whimsycastlespelling.png, id=1007, 401.5pt x 351.3125pt>
File: figures/geometron3d/whimsycastlespelling.png Graphic file (type png)

<use figures/geometron3d/whimsycastlespelling.png>
Package pdftex.def Info: figures/geometron3d/whimsycastlespelling.png used on i
nput line 60.
(pdftex.def)             Requested size: 289.07999pt x 252.96088pt.

<figures/geometron3d/whimsycastle.png, id=1008, 424.96266pt x 240.9pt>
File: figures/geometron3d/whimsycastle.png Graphic file (type png)

<use figures/geometron3d/whimsycastle.png>
Package pdftex.def Info: figures/geometron3d/whimsycastle.png used on input lin
e 68.
(pdftex.def)             Requested size: 289.07999pt x 163.87965pt.
 [138] [139 <./figures/geometron3d/whimsycastleturret.png> <./figures/geometron
3d/whimsycastlespelling.png>]
[140 <./figures/geometron3d/whimsycastle.png>]
<figures/geometron3d/robot0500.png, id=1027, 401.5pt x 351.3125pt>
File: figures/geometron3d/robot0500.png Graphic file (type png)

<use figures/geometron3d/robot0500.png>
Package pdftex.def Info: figures/geometron3d/robot0500.png used on input line 8
4.
(pdftex.def)             Requested size: 289.07999pt x 252.96088pt.

<figures/geometron3d/trashrobot3d.png, id=1028, 633.11531pt x 393.72093pt>
File: figures/geometron3d/trashrobot3d.png Graphic file (type png)

<use figures/geometron3d/trashrobot3d.png>
Package pdftex.def Info: figures/geometron3d/trashrobot3d.png used on input lin
e 91.
(pdftex.def)             Requested size: 289.07999pt x 179.77411pt.
 [141 <./figures/geometron3d/robot0500.png>] <figures/geometron3d/angles.png, i
d=1035, 401.5pt x 401.5pt>
File: figures/geometron3d/angles.png Graphic file (type png)

<use figures/geometron3d/angles.png>
Package pdftex.def Info: figures/geometron3d/angles.png used on input line 104.

(pdftex.def)             Requested size: 289.07999pt x 289.09814pt.
) [142 <./figures/geometron3d/trashrobot3d.png>] [143 <./figures/geometron3d/an
gles.png>]
Chapter 14.
(./fullstack.tex
! Undefined control sequence.
l.3 \tightlist
              
? 
[144

] [145]) [146]
Chapter 15.
(./ontology.tex
! Undefined control sequence.
l.5 \tightlist
              
? 
[147

]
Overfull \hbox (26.60413pt too wide) in paragraph at lines 89--89
[]\OT1/cmr/bx/n/12 1. Com-puter Sci-ence and the The-ory of Self-Replication 
 []

[148] [149] [150] [151] [152] [153] [154] [155] [156]
Overfull \hbox (13.5562pt too wide) in paragraph at lines 537--551
\OT1/cmr/m/n/10 doxes that make it im-pos-si-ble to cre-ate a self-consistent s
ys-tem of logic/truth/math.
 []

[157] [158] [159]
Overfull \hbox (17.24684pt too wide) in paragraph at lines 717--717
[]    \OT1/cmtt/m/n/10 media: email, post cards, posters, signs, commercial soc
ial media[] 
 []

! Undefined control sequence.
l.726 \tightlist
                
? 
[160]
Overfull \hbox (190.49533pt too wide) in paragraph at lines 813--813
[]\OT1/cmtt/m/n/10 sudo curl -o replicator.php https://raw.githubusercontent.co
m/LafeLabs/thing/master/php/replicator.txt[] 
 []

[161] [162]) [163] [164]
Chapter 16.
[165

]
Chapter 17.
(./trashrobot.tex [166

] [167]
Overfull \hbox (3.94499pt too wide) in paragraph at lines 44--45
\OT1/cmr/m/n/10 shape set as doc-u-mented else-where in this chap-ter, and a ba
g of goo-gly eyes(which
 []

<figures/trashrobot/artboxelements.jpg, id=1180, 1943.26pt x 1943.26pt>
File: figures/trashrobot/artboxelements.jpg Graphic file (type jpg)

<use figures/trashrobot/artboxelements.jpg>
Package pdftex.def Info: figures/trashrobot/artboxelements.jpg used on input li
ne 49.
(pdftex.def)             Requested size: 289.07999pt x 289.07463pt.

<figures/trashrobot/artboxtriangle.jpg, id=1181, 1943.26pt x 1943.26pt>
File: figures/trashrobot/artboxtriangle.jpg Graphic file (type jpg)

<use figures/trashrobot/artboxtriangle.jpg>
Package pdftex.def Info: figures/trashrobot/artboxtriangle.jpg used on input li
ne 60.
(pdftex.def)             Requested size: 289.07999pt x 289.07463pt.

<figures/trashrobot/artboxtriangleset.jpg, id=1182, 1943.26pt x 1943.26pt>
File: figures/trashrobot/artboxtriangleset.jpg Graphic file (type jpg)

<use figures/trashrobot/artboxtriangleset.jpg>
Package pdftex.def Info: figures/trashrobot/artboxtriangleset.jpg used on input
 line 67.
(pdftex.def)             Requested size: 289.07999pt x 289.07463pt.

<figures/trashrobot/artboxnet.jpg, id=1183, 1943.26pt x 1943.26pt>
File: figures/trashrobot/artboxnet.jpg Graphic file (type jpg)

<use figures/trashrobot/artboxnet.jpg>
Package pdftex.def Info: figures/trashrobot/artboxnet.jpg used on input line 74
.
(pdftex.def)             Requested size: 289.07999pt x 289.07463pt.

<figures/trashrobot/artboxassembly.jpg, id=1184, 1943.26pt x 1943.26pt>
File: figures/trashrobot/artboxassembly.jpg Graphic file (type jpg)

<use figures/trashrobot/artboxassembly.jpg>
Package pdftex.def Info: figures/trashrobot/artboxassembly.jpg used on input li
ne 82.
(pdftex.def)             Requested size: 289.07999pt x 289.07463pt.

<figures/trashrobot/artboxrainbowskin.jpg, id=1185, 1943.26pt x 1943.26pt>
File: figures/trashrobot/artboxrainbowskin.jpg Graphic file (type jpg)

<use figures/trashrobot/artboxrainbowskin.jpg>
Package pdftex.def Info: figures/trashrobot/artboxrainbowskin.jpg used on input
 line 89.
(pdftex.def)             Requested size: 289.07999pt x 289.07463pt.

<figures/trashrobot/artboxhole.jpg, id=1186, 1943.26pt x 1943.26pt>
File: figures/trashrobot/artboxhole.jpg Graphic file (type jpg)

<use figures/trashrobot/artboxhole.jpg>
Package pdftex.def Info: figures/trashrobot/artboxhole.jpg used on input line 9
6.
(pdftex.def)             Requested size: 289.07999pt x 289.07463pt.

<figures/trashrobot/artboxtie.jpg, id=1187, 1943.26pt x 1943.26pt>
File: figures/trashrobot/artboxtie.jpg Graphic file (type jpg)

<use figures/trashrobot/artboxtie.jpg>
Package pdftex.def Info: figures/trashrobot/artboxtie.jpg used on input line 10
3.
(pdftex.def)             Requested size: 289.07999pt x 289.07463pt.

<figures/trashrobot/artboxcopy.jpg, id=1188, 1943.26pt x 1943.26pt>
File: figures/trashrobot/artboxcopy.jpg Graphic file (type jpg)

<use figures/trashrobot/artboxcopy.jpg>
Package pdftex.def Info: figures/trashrobot/artboxcopy.jpg used on input line 1
10.
(pdftex.def)             Requested size: 289.07999pt x 289.07463pt.
 [168 <./figures/trashrobot/artboxelements.jpg>] [169 <./figures/trashrobot/art
boxtriangle.jpg>] [170 <./figures/trashrobot/artboxtriangleset.jpg>] [171 <./fi
gures/trashrobot/artboxnet.jpg>]
[172 <./figures/trashrobot/artboxassembly.jpg>] [173 <./figures/trashrobot/artb
oxrainbowskin.jpg>] [174 <./figures/trashrobot/artboxhole.jpg>] [175 <./figures
/trashrobot/artboxtie.jpg>] [176 <./figures/trashrobot/artboxcopy.jpg>]
[177] <figures/trashrobot/trashtie.jpg, id=1239, 1943.26pt x 1943.26pt>
File: figures/trashrobot/trashtie.jpg Graphic file (type jpg)

<use figures/trashrobot/trashtie.jpg>
Package pdftex.def Info: figures/trashrobot/trashtie.jpg used on input line 144
.
(pdftex.def)             Requested size: 289.07999pt x 289.07463pt.

<figures/trashrobot/flag.jpg, id=1240, 2603.7275pt x 2603.7275pt>
File: figures/trashrobot/flag.jpg Graphic file (type jpg)

<use figures/trashrobot/flag.jpg>
Package pdftex.def Info: figures/trashrobot/flag.jpg used on input line 151.
(pdftex.def)             Requested size: 289.07999pt x 289.0728pt.

<figures/trashrobot/flagtrashrobot.jpg, id=1241, 1535.7375pt x 2055.68pt>
File: figures/trashrobot/flagtrashrobot.jpg Graphic file (type jpg)

<use figures/trashrobot/flagtrashrobot.jpg>
Package pdftex.def Info: figures/trashrobot/flagtrashrobot.jpg used on input li
ne 158.
(pdftex.def)             Requested size: 289.07999pt x 386.94467pt.

<figures/trashrobot/alphabet.jpg, id=1242, 1943.26pt x 1943.26pt>
File: figures/trashrobot/alphabet.jpg Graphic file (type jpg)

<use figures/trashrobot/alphabet.jpg>
Package pdftex.def Info: figures/trashrobot/alphabet.jpg used on input line 165
.
(pdftex.def)             Requested size: 289.07999pt x 289.07463pt.
File: figures/trashrobot/alphabet.jpg Graphic file (type jpg)
 <use figures/trashrobot/alphabet.jpg>
Package pdftex.def Info: figures/trashrobot/alphabet.jpg used on input line 173
.
(pdftex.def)             Requested size: 289.07999pt x 289.07463pt.

[178 <./figures/trashrobot/trashtie.jpg>] [179 <./figures/trashrobot/flag.jpg>]
[180 <./figures/trashrobot/flagtrashrobot.jpg>] [181 <./figures/trashrobot/alph
abet.jpg>] [182] [183] [184]
Overfull \hbox (116.99597pt too wide) in paragraph at lines 277--277
[]        \OT1/cmtt/m/n/10 build, share, sell, use printers, following instruct
ions on scrolls on Geometron[] 
 []


Overfull \hbox (48.74657pt too wide) in paragraph at lines 277--277
[]        \OT1/cmtt/m/n/10 share feed with other users, save, copy, paste, shar
e share share!![] 
 []


Overfull \hbox (111.74602pt too wide) in paragraph at lines 277--277
[]        \OT1/cmtt/m/n/10 load code into Arduino, print in clay tablet, bake i
t, sell or give away or use[] 
 []


Overfull \hbox (410.99341pt too wide) in paragraph at lines 277--277
[]        \OT1/cmtt/m/n/10 use stamp to create both coin-like tokens and pendan
ts, stamping in clay, baking, using paint pen and sanding flat, sell, trade, or
 wear[] 
 []

)
Package atveryend Info: Empty hook `BeforeClearDocument' on input line 83.
 [185]
Package atveryend Info: Empty hook `AfterLastShipout' on input line 83.
 (./main-bigpaper.aux)
Package atveryend Info: Executing hook `AtVeryEndDocument' on input line 83.
Package atveryend Info: Executing hook `AtEndAfterFileList' on input line 83.
Package rerunfilecheck Info: File `main-bigpaper.out' has not changed.
(rerunfilecheck)             Checksum: D288B04DBE66EB80E5E5B394E1D983B9;3387.
Package atveryend Info: Empty hook `AtVeryVeryEnd' on input line 83.
 ) 
Here is how much of TeX's memory you used:
 6420 strings out of 494953
 100580 string characters out of 6180977
 176708 words of memory out of 5000000
 9193 multiletter control sequences out of 15000+600000
 9681 words of font info for 34 fonts, out of 8000000 for 9000
 14 hyphenation exceptions out of 8191
 29i,6n,28p,2230b,447s stack positions out of 5000i,500n,10000p,200000b,80000s
</usr/share/texlive/texmf-dist/fonts/type1/public/amsfonts/cm/cmbx10.pfb></us
r/share/texlive/texmf-dist/fonts/type1/public/amsfonts/cm/cmbx12.pfb></usr/shar
e/texlive/texmf-dist/fonts/type1/public/amsfonts/cm/cmbxti10.pfb></usr/share/te
xlive/texmf-dist/fonts/type1/public/amsfonts/cm/cmmi10.pfb></usr/share/texlive/
texmf-dist/fonts/type1/public/amsfonts/cm/cmr10.pfb></usr/share/texlive/texmf-d
ist/fonts/type1/public/amsfonts/cm/cmr12.pfb></usr/share/texlive/texmf-dist/fon
ts/type1/public/amsfonts/cm/cmr17.pfb></usr/share/texlive/texmf-dist/fonts/type
1/public/amsfonts/cm/cmr7.pfb></usr/share/texlive/texmf-dist/fonts/type1/public
/amsfonts/cm/cmsy10.pfb></usr/share/texlive/texmf-dist/fonts/type1/public/amsfo
nts/cm/cmti10.pfb></usr/share/texlive/texmf-dist/fonts/type1/public/amsfonts/cm
/cmtt10.pfb>
Output written on main-bigpaper.pdf (188 pages, 13556888 bytes).
PDF statistics:
 1398 PDF objects out of 1440 (max. 8388607)
 1025 compressed objects within 11 object streams
 332 named destinations out of 1000 (max. 500000)
 836 words of extra memory for PDF output out of 10000 (max. 10000000)

