\BOOKMARK [0][-]{section*.1}{Contents}{}% 1
\BOOKMARK [0][-]{section*.2}{List of Figures}{}% 2
\BOOKMARK [0][-]{chapter.1}{Civilizations}{}% 3
\BOOKMARK [0][-]{chapter.2}{Organic Media}{}% 4
\BOOKMARK [0][-]{chapter.3}{Street Network}{}% 5
\BOOKMARK [0][-]{chapter.4}{Servers}{}% 6
\BOOKMARK [0][-]{chapter.5}{Scrolls}{}% 7
\BOOKMARK [0][-]{chapter.6}{Feeds}{}% 8
\BOOKMARK [0][-]{chapter.7}{Maps}{}% 9
\BOOKMARK [0][-]{chapter.8}{Symbols}{}% 10
\BOOKMARK [1][-]{section.8.1}{Geometron}{chapter.8}% 11
\BOOKMARK [0][-]{chapter.9}{2d Web Graphics}{}% 12
\BOOKMARK [1][-]{section.9.1}{2d Web Symbols and Icons}{chapter.9}% 13
\BOOKMARK [0][-]{chapter.10}{Shapes and Fonts}{}% 14
\BOOKMARK [1][-]{section.10.1}{shapes and fonts: examples}{chapter.10}% 15
\BOOKMARK [0][-]{chapter.11}{Action Geometry}{}% 16
\BOOKMARK [0][-]{chapter.12}{Machine Control}{}% 17
\BOOKMARK [1][-]{section.12.1}{Machine Control}{chapter.12}% 18
\BOOKMARK [0][-]{chapter.13}{Geometron in 3d and Beyond}{}% 19
\BOOKMARK [1][-]{section.13.1}{Geometron in 3d and Beyond}{chapter.13}% 20
\BOOKMARK [0][-]{chapter.14}{Full Stack Geometron}{}% 21
\BOOKMARK [1][-]{section.14.1}{Full Stack Geometron}{chapter.14}% 22
\BOOKMARK [0][-]{chapter.15}{Ontology}{}% 23
\BOOKMARK [1][-]{section.15.1}{Ontology}{chapter.15}% 24
\BOOKMARK [1][-]{section.15.2}{On Self-Replicating Sets}{chapter.15}% 25
\BOOKMARK [0][-]{chapter.16}{Icons}{}% 26
\BOOKMARK [0][-]{chapter.17}{Trash Robot}{}% 27
\BOOKMARK [1][-]{section.17.1}{Trash Robot}{chapter.17}% 28
