\BOOKMARK [0][-]{chapter.1}{Civilizations}{}% 1
\BOOKMARK [0][-]{chapter.2}{Organic Media}{}% 2
\BOOKMARK [1][-]{subsection.2.0.1}{The Book of Geometron}{chapter.2}% 3
\BOOKMARK [0][-]{chapter.3}{Street Network}{}% 4
\BOOKMARK [1][-]{subsection.3.0.1}{What is the Street Network?}{chapter.3}% 5
\BOOKMARK [2][-]{subsection.3.0.2}{Users}{subsection.3.0.1}% 6
\BOOKMARK [2][-]{subsection.3.0.3}{Trash Robot}{subsection.3.0.1}% 7
\BOOKMARK [0][-]{chapter.4}{Servers}{}% 8
\BOOKMARK [0][-]{chapter.5}{Scrolls}{}% 9
\BOOKMARK [0][-]{chapter.6}{Feeds}{}% 10
\BOOKMARK [0][-]{chapter.7}{Maps}{}% 11
\BOOKMARK [0][-]{chapter.8}{Symbols}{}% 12
\BOOKMARK [0][-]{chapter.9}{2d Web Graphics}{}% 13
\BOOKMARK [0][-]{chapter.10}{Shapes and Fonts}{}% 14
\BOOKMARK [0][-]{chapter.11}{Action Geometry}{}% 15
\BOOKMARK [0][-]{chapter.12}{Machine Control}{}% 16
\BOOKMARK [1][-]{section.12.1}{Machine Control}{chapter.12}% 17
\BOOKMARK [2][-]{subsection.12.1.1}{democratization of machines}{section.12.1}% 18
\BOOKMARK [2][-]{subsection.12.1.2}{Structure}{section.12.1}% 19
\BOOKMARK [2][-]{subsection.12.1.3}{2 and a half d printing and the Trash Robot icon token printer}{section.12.1}% 20
\BOOKMARK [2][-]{subsection.12.1.4}{The wall robot}{section.12.1}% 21
\BOOKMARK [2][-]{subsection.12.1.5}{Microfabrication and Nanofabrication}{section.12.1}% 22
\BOOKMARK [0][-]{chapter.13}{Geometron in 3d and Beyond}{}% 23
\BOOKMARK [1][-]{section.13.1}{Geometron in 3d and Beyond}{chapter.13}% 24
\BOOKMARK [2][-]{subsection.13.1.1}{Structure, Definitions and Formats}{section.13.1}% 25
\BOOKMARK [2][-]{subsection.13.1.2}{Icons and Trash Robot}{section.13.1}% 26
\BOOKMARK [2][-]{subsection.13.1.3}{Rotations and Higher Dimensions}{section.13.1}% 27
\BOOKMARK [0][-]{chapter.14}{Full Stack Geometron}{}% 28
\BOOKMARK [1][-]{section.14.1}{Full Stack Geometron}{chapter.14}% 29
\BOOKMARK [2][-]{subsection.14.1.1}{Goals}{section.14.1}% 30
\BOOKMARK [0][-]{chapter.15}{Ontology}{}% 31
\BOOKMARK [1][-]{section.15.1}{Ontology}{chapter.15}% 32
\BOOKMARK [1][-]{section.15.2}{On Self-Replicating Sets}{chapter.15}% 33
\BOOKMARK [2][-]{subsection.15.2.1}{1. Computer Science and the Theory of Self-Replication}{section.15.2}% 34
\BOOKMARK [2][-]{subsection.15.2.2}{2. Self-Replication in Human society}{section.15.2}% 35
\BOOKMARK [2][-]{subsection.15.2.3}{3. The Potential Power of the Open Web for Self-Replication}{section.15.2}% 36
\BOOKMARK [2][-]{subsection.15.2.4}{4. Self Replicating Sets/Documents}{section.15.2}% 37
\BOOKMARK [2][-]{subsection.15.2.5}{5. Generalization and Social Implications}{section.15.2}% 38
\BOOKMARK [0][-]{chapter.16}{Icons}{}% 39
\BOOKMARK [0][-]{chapter.17}{Trash Robot}{}% 40
\BOOKMARK [1][-]{section.17.1}{Trash Robot}{chapter.17}% 41
\BOOKMARK [2][-]{subsection.17.1.1}{What is Trash Robot?}{section.17.1}% 42
\BOOKMARK [2][-]{subsection.17.1.2}{The Operator}{section.17.1}% 43
\BOOKMARK [2][-]{subsection.17.1.3}{The Open Brand}{section.17.1}% 44
\BOOKMARK [2][-]{subsection.17.1.4}{The ArtBox}{section.17.1}% 45
\BOOKMARK [2][-]{subsection.17.1.5}{Laser Cut Acrylic}{section.17.1}% 46
\BOOKMARK [2][-]{subsection.17.1.6}{skeletron}{section.17.1}% 47
\BOOKMARK [2][-]{subsection.17.1.7}{textiles}{section.17.1}% 48
\BOOKMARK [2][-]{subsection.17.1.8}{The icon token printer robot}{section.17.1}% 49
\BOOKMARK [2][-]{subsection.17.1.9}{Arduino Generic Shield}{section.17.1}% 50
